2024-03-09 15:31:27,636 [Worker-7: Loading available Gradle versions] INFO  o.e.b.c.i.u.g.PublishedGradleVersions - Gradle version information cache is up-to-date. Trying to read.
2024-03-09 15:34:27,702 [Worker-18: Building] INFO  o.e.m.c.i.l.LifecycleMappingFactory - Using org.eclipse.m2e.jdt.JarLifecycleMapping lifecycle mapping for MavenProject: com.Hibernate:Hibernate:0.0.1-SNAPSHOT @ E:\CODE\spring and springBoot project\spring and Hibernate\Hibernate\pom.xml.
2024-03-09 15:34:30,104 [Worker-18: Building] INFO  o.a.m.s.f.DefaultMavenResourcesFiltering - Copying 0 resource from src\main\resources to target\classes
2024-03-09 15:34:30,116 [Worker-18: Building] INFO  o.a.m.s.f.DefaultMavenResourcesFiltering - Copying 0 resource from src\test\resources to target\test-classes
2024-03-09 15:34:31,519 [Worker-35: Building] INFO  o.a.m.s.f.DefaultMavenResourcesFiltering - Copying 0 resource from src\main\resources to target\classes
2024-03-09 15:34:31,526 [Worker-35: Building] INFO  o.a.m.s.f.DefaultMavenResourcesFiltering - Copying 0 resource from src\test\resources to target\test-classes
2024-03-09 15:34:31,857 [Worker-35: Building] INFO  o.e.m.c.i.l.LifecycleMappingFactory - Using org.eclipse.m2e.jdt.JarLifecycleMapping lifecycle mapping for MavenProject: com.springcore:SpringJdbc:0.0.1-SNAPSHOT @ E:\CODE\spring and springBoot project\spring and Hibernate\SpringJdbc\pom.xml.
2024-03-09 15:34:32,044 [Worker-35: Building] INFO  o.a.m.s.f.DefaultMavenResourcesFiltering - skip non existing resourceDirectory E:\CODE\spring and springBoot project\spring and Hibernate\SpringJdbc\src\main\resources
2024-03-09 15:34:32,049 [Worker-35: Building] INFO  o.a.m.s.f.DefaultMavenResourcesFiltering - skip non existing resourceDirectory E:\CODE\spring and springBoot project\spring and Hibernate\SpringJdbc\src\test\resources
2024-03-09 15:34:32,669 [Worker-35: Building] INFO  o.a.m.s.f.DefaultMavenResourcesFiltering - skip non existing resourceDirectory E:\CODE\spring and springBoot project\spring and Hibernate\SpringJdbc\src\main\resources
2024-03-09 15:34:32,673 [Worker-35: Building] INFO  o.a.m.s.f.DefaultMavenResourcesFiltering - skip non existing resourceDirectory E:\CODE\spring and springBoot project\spring and Hibernate\SpringJdbc\src\test\resources
2024-03-09 15:34:33,427 [Worker-35: Building] INFO  o.e.m.c.i.l.LifecycleMappingFactory - Using org.maven.ide.eclipse.wtp.WarLifecycleMapping lifecycle mapping for MavenProject: com.spring.mvc:SpringMVC:0.0.1-SNAPSHOT @ E:\CODE\spring and springBoot project\spring and Hibernate\SpringMVC\pom.xml.
2024-03-09 15:34:35,983 [Worker-35: Building] WARN  o.a.m.s.f.DefaultMavenResourcesFiltering - Using platform encoding (UTF-8 actually) to copy filtered resources, i.e. build is platform dependent!
2024-03-09 15:34:35,985 [Worker-35: Building] INFO  o.a.m.s.f.DefaultMavenResourcesFiltering - Copying 0 resource from src\main\resources to target\classes
2024-03-09 15:34:35,990 [Worker-35: Building] WARN  o.a.m.s.f.DefaultMavenResourcesFiltering - Using platform encoding (UTF-8 actually) to copy filtered resources, i.e. build is platform dependent!
2024-03-09 15:34:35,992 [Worker-35: Building] INFO  o.a.m.s.f.DefaultMavenResourcesFiltering - Copying 0 resource from src\test\resources to target\test-classes
2024-03-09 15:34:37,206 [Worker-15: Building] INFO  o.e.m.c.i.l.LifecycleMappingFactory - Using org.eclipse.m2e.jdt.JarLifecycleMapping lifecycle mapping for MavenProject: com.springORM:SpringORM:0.0.1-SNAPSHOT @ E:\CODE\spring and springBoot project\spring and Hibernate\SpringORM\pom.xml.
2024-03-09 15:34:37,607 [Worker-15: Building] INFO  o.a.m.s.f.DefaultMavenResourcesFiltering - skip non existing resourceDirectory E:\CODE\spring and springBoot project\spring and Hibernate\SpringORM\src\main\resources
2024-03-09 15:34:37,612 [Worker-15: Building] INFO  o.a.m.s.f.DefaultMavenResourcesFiltering - skip non existing resourceDirectory E:\CODE\spring and springBoot project\spring and Hibernate\SpringORM\src\test\resources
2024-03-09 15:34:38,088 [Worker-38: Building] INFO  o.a.m.s.f.DefaultMavenResourcesFiltering - skip non existing resourceDirectory E:\CODE\spring and springBoot project\spring and Hibernate\SpringORM\src\main\resources
2024-03-09 15:34:38,093 [Worker-38: Building] INFO  o.a.m.s.f.DefaultMavenResourcesFiltering - skip non existing resourceDirectory E:\CODE\spring and springBoot project\spring and Hibernate\SpringORM\src\test\resources
2024-03-09 15:34:38,659 [Worker-38: Building] INFO  o.e.m.c.i.l.LifecycleMappingFactory - Using org.eclipse.m2e.jdt.JarLifecycleMapping lifecycle mapping for MavenProject: com.springcore:app03maven:0.0.1-SNAPSHOT @ E:\CODE\spring and springBoot project\spring and Hibernate\app03maven\pom.xml.
2024-03-09 15:34:38,798 [Worker-38: Building] INFO  o.a.m.s.f.DefaultMavenResourcesFiltering - skip non existing resourceDirectory E:\CODE\spring and springBoot project\spring and Hibernate\app03maven\src\main\resources
2024-03-09 15:34:38,802 [Worker-38: Building] INFO  o.a.m.s.f.DefaultMavenResourcesFiltering - skip non existing resourceDirectory E:\CODE\spring and springBoot project\spring and Hibernate\app03maven\src\test\resources
2024-03-09 15:34:39,199 [Worker-36: Building] INFO  o.a.m.s.f.DefaultMavenResourcesFiltering - skip non existing resourceDirectory E:\CODE\spring and springBoot project\spring and Hibernate\app03maven\src\main\resources
2024-03-09 15:34:39,204 [Worker-36: Building] INFO  o.a.m.s.f.DefaultMavenResourcesFiltering - skip non existing resourceDirectory E:\CODE\spring and springBoot project\spring and Hibernate\app03maven\src\test\resources
2024-03-09 15:34:39,452 [Worker-36: Building] INFO  o.e.m.c.i.l.LifecycleMappingFactory - Using org.eclipse.m2e.jdt.JarLifecycleMapping lifecycle mapping for MavenProject: com.springcore:app04_ApplicationContext:0.0.1-SNAPSHOT @ E:\CODE\spring and springBoot project\spring and Hibernate\app04_ApplicationContext\pom.xml.
2024-03-09 15:34:39,532 [Worker-36: Building] INFO  o.e.m.c.i.p.WorkspaceClassifierResolverManager - Resolving P/app03maven: com.springcore:app03maven:0.0.1-SNAPSHOT with classifier  to /app03maven/target/classes
2024-03-09 15:34:39,623 [Worker-36: Building] INFO  o.a.m.s.f.DefaultMavenResourcesFiltering - Copying 0 resource from src\main\resources to target\classes
2024-03-09 15:34:39,629 [Worker-36: Building] INFO  o.a.m.s.f.DefaultMavenResourcesFiltering - Copying 0 resource from src\test\resources to target\test-classes
2024-03-09 15:34:39,862 [Worker-36: Building] INFO  o.e.m.c.i.l.LifecycleMappingFactory - Using org.eclipse.m2e.jdt.JarLifecycleMapping lifecycle mapping for MavenProject: com.springcore:app06BeansClass:0.0.1-SNAPSHOT @ E:\CODE\spring and springBoot project\spring and Hibernate\app06BeansClass\pom.xml.
2024-03-09 15:34:39,977 [Worker-36: Building] INFO  o.a.m.s.f.DefaultMavenResourcesFiltering - skip non existing resourceDirectory E:\CODE\spring and springBoot project\spring and Hibernate\app06BeansClass\src\main\resources
2024-03-09 15:34:39,982 [Worker-36: Building] INFO  o.a.m.s.f.DefaultMavenResourcesFiltering - skip non existing resourceDirectory E:\CODE\spring and springBoot project\spring and Hibernate\app06BeansClass\src\test\resources
2024-03-09 15:34:40,500 [Worker-36: Building] INFO  o.e.m.c.i.l.LifecycleMappingFactory - Using org.eclipse.m2e.jdt.JarLifecycleMapping lifecycle mapping for MavenProject: com.springcore:springCore:0.0.1-SNAPSHOT @ E:\CODE\spring and springBoot project\spring and Hibernate\springCore\pom.xml.
2024-03-09 15:34:40,753 [Worker-36: Building] INFO  o.a.m.s.f.DefaultMavenResourcesFiltering - Copying 0 resource from src\main\resources to target\classes
2024-03-09 15:34:40,758 [Worker-36: Building] INFO  o.a.m.s.f.DefaultMavenResourcesFiltering - Copying 0 resource from src\test\resources to target\test-classes
2024-03-09 15:34:41,338 [Worker-4: Building] INFO  o.a.m.s.f.DefaultMavenResourcesFiltering - Copying 0 resource from src\main\resources to target\classes
2024-03-09 15:34:41,344 [Worker-4: Building] INFO  o.a.m.s.f.DefaultMavenResourcesFiltering - Copying 0 resource from src\test\resources to target\test-classes
2024-03-09 15:34:41,507 [Worker-4: Building] INFO  o.a.m.s.f.DefaultMavenResourcesFiltering - skip non existing resourceDirectory E:\CODE\spring and springBoot project\spring and Hibernate\app06BeansClass\src\main\resources
2024-03-09 15:34:41,511 [Worker-4: Building] INFO  o.a.m.s.f.DefaultMavenResourcesFiltering - skip non existing resourceDirectory E:\CODE\spring and springBoot project\spring and Hibernate\app06BeansClass\src\test\resources
2024-03-09 15:34:41,913 [Worker-4: Building] INFO  o.a.m.s.f.DefaultMavenResourcesFiltering - Copying 0 resource from src\main\resources to target\classes
2024-03-09 15:34:41,917 [Worker-4: Building] INFO  o.a.m.s.f.DefaultMavenResourcesFiltering - Copying 0 resource from src\test\resources to target\test-classes
2024-03-09 15:34:42,150 [Worker-4: Building] INFO  o.e.m.c.i.l.LifecycleMappingFactory - Using org.eclipse.m2e.jdt.JarLifecycleMapping lifecycle mapping for MavenProject: com.springcore:springFirst:0.0.1-SNAPSHOT @ E:\CODE\spring and springBoot project\spring and Hibernate\springFirst\pom.xml.
2024-03-09 15:34:42,263 [Worker-4: Building] INFO  o.a.m.s.f.DefaultMavenResourcesFiltering - skip non existing resourceDirectory E:\CODE\spring and springBoot project\spring and Hibernate\springFirst\src\main\resources
2024-03-09 15:34:42,267 [Worker-4: Building] INFO  o.a.m.s.f.DefaultMavenResourcesFiltering - skip non existing resourceDirectory E:\CODE\spring and springBoot project\spring and Hibernate\springFirst\src\test\resources
2024-03-09 15:34:43,498 [Worker-35: Building] INFO  o.a.m.s.f.DefaultMavenResourcesFiltering - skip non existing resourceDirectory E:\CODE\spring and springBoot project\spring and Hibernate\springFirst\src\main\resources
2024-03-09 15:34:43,503 [Worker-35: Building] INFO  o.a.m.s.f.DefaultMavenResourcesFiltering - skip non existing resourceDirectory E:\CODE\spring and springBoot project\spring and Hibernate\springFirst\src\test\resources
2024-03-09 15:39:16,517 [Worker-17: Loading available Gradle versions] INFO  o.e.b.c.i.u.g.PublishedGradleVersions - Gradle version information cache is up-to-date. Trying to read.
2024-03-09 15:44:36,511 [Worker-5: Loading available Gradle versions] INFO  o.e.b.c.i.u.g.PublishedGradleVersions - Gradle version information cache is up-to-date. Trying to read.
2024-03-09 15:47:06,233 [Worker-1: Updating Maven Dependencies] INFO  o.e.m.c.i.l.LifecycleMappingFactory - Using org.maven.ide.eclipse.wtp.WarLifecycleMapping lifecycle mapping for MavenProject: com.spring.mvc:SpringMVC:0.0.1-SNAPSHOT @ E:\CODE\spring and springBoot project\SpringMVC\pom.xml.
2024-03-09 15:47:08,704 [Worker-28: Building] INFO  o.e.m.c.i.l.LifecycleMappingFactory - Using org.maven.ide.eclipse.wtp.WarLifecycleMapping lifecycle mapping for MavenProject: com.spring.mvc:SpringMVC:0.0.1-SNAPSHOT @ E:\CODE\spring and springBoot project\SpringMVC\pom.xml.
2024-03-09 15:47:19,143 [Worker-28: Building] WARN  o.a.m.s.f.DefaultMavenResourcesFiltering - Using platform encoding (UTF-8 actually) to copy filtered resources, i.e. build is platform dependent!
2024-03-09 15:47:19,178 [Worker-28: Building] INFO  o.a.m.s.f.DefaultMavenResourcesFiltering - Copying 0 resource from src\main\resources to target\classes
2024-03-09 15:47:19,196 [Worker-28: Building] WARN  o.a.m.s.f.DefaultMavenResourcesFiltering - Using platform encoding (UTF-8 actually) to copy filtered resources, i.e. build is platform dependent!
2024-03-09 15:47:19,198 [Worker-28: Building] INFO  o.a.m.s.f.DefaultMavenResourcesFiltering - Copying 0 resource from src\test\resources to target\test-classes
2024-03-09 15:47:21,289 [Worker-13: Updating Maven Dependencies] INFO  o.e.m.c.i.l.LifecycleMappingFactory - Using org.maven.ide.eclipse.wtp.WarLifecycleMapping lifecycle mapping for MavenProject: com.spring.mvc:SpringMVC:0.0.1-SNAPSHOT @ E:\CODE\spring and springBoot project\SpringMVC\pom.xml.
2024-03-09 16:01:12,886 [Worker-4: Loading available Gradle versions] INFO  o.e.b.c.i.u.g.PublishedGradleVersions - Gradle version information cache is up-to-date. Trying to read.
2024-03-09 16:03:28,766 [Worker-4: Loading available Gradle versions] INFO  o.e.b.c.i.u.g.PublishedGradleVersions - Gradle version information cache is up-to-date. Trying to read.
2024-03-09 16:05:18,319 [Worker-4: Loading available Gradle versions] INFO  o.e.b.c.i.u.g.PublishedGradleVersions - Gradle version information cache is up-to-date. Trying to read.
2024-03-09 16:08:39,485 [Worker-10: Importing Maven projects] INFO  o.e.m.c.i.l.LifecycleMappingFactory - Using org.eclipse.m2e.jdt.JarLifecycleMapping lifecycle mapping for MavenProject: com.springORM:SpringORM:0.0.1-SNAPSHOT @ E:\CODE\spring and springBoot project\SpringORM\pom.xml.
2024-03-09 16:08:41,678 [Worker-10: Importing Maven projects] INFO  o.e.m.j.i.AbstractJavaProjectConfigurator - Adding source folder /SpringORM/src/main/java
2024-03-09 16:08:41,683 [Worker-10: Importing Maven projects] INFO  o.e.m.j.i.AbstractJavaProjectConfigurator - Adding resource folder /SpringORM/src/main/resources
2024-03-09 16:08:41,686 [Worker-10: Importing Maven projects] INFO  o.e.m.j.i.AbstractJavaProjectConfigurator - Adding source folder /SpringORM/src/test/java
2024-03-09 16:08:41,687 [Worker-10: Importing Maven projects] INFO  o.e.m.j.i.AbstractJavaProjectConfigurator - Adding resource folder /SpringORM/src/test/resources
2024-03-09 16:08:42,021 [Worker-10: Importing Maven projects] INFO  o.e.m.c.i.p.ProjectConfigurationManager - Imported and configured 1 project(s) in 6 sec
2024-03-09 16:08:43,350 [Worker-9: Building] WARN  o.a.m.s.f.DefaultMavenResourcesFiltering - Using platform encoding (UTF-8 actually) to copy filtered resources, i.e. build is platform dependent!
2024-03-09 16:08:43,358 [Worker-9: Building] INFO  o.a.m.s.f.DefaultMavenResourcesFiltering - Copying 0 resource from src\main\resources to target\classes
2024-03-09 16:08:43,364 [Worker-9: Building] WARN  o.a.m.s.f.DefaultMavenResourcesFiltering - Using platform encoding (UTF-8 actually) to copy filtered resources, i.e. build is platform dependent!
2024-03-09 16:08:43,367 [Worker-9: Building] INFO  o.a.m.s.f.DefaultMavenResourcesFiltering - Copying 0 resource from src\test\resources to target\test-classes
2024-03-09 16:08:47,325 [Worker-33: Building] INFO  o.a.m.s.f.DefaultMavenResourcesFiltering - skip non existing resourceDirectory E:\CODE\spring and springBoot project\SpringORM\src\main\resources
2024-03-09 16:08:47,329 [Worker-33: Building] INFO  o.a.m.s.f.DefaultMavenResourcesFiltering - skip non existing resourceDirectory E:\CODE\spring and springBoot project\SpringORM\src\test\resources
2024-03-09 16:10:17,685 [Worker-35: Launching mavenrun-1ed1d7d4-3e9e-490a-a6b8-e89bdd79e161] INFO  o.eclipse.m2e.core.internal.Bundles - getClasspathEntries(Bundle=org.eclipse.m2e.maven.runtime_3.9.600.20231203-1234 [1008])
2024-03-09 16:10:17,688 [Worker-35: Launching mavenrun-1ed1d7d4-3e9e-490a-a6b8-e89bdd79e161] INFO  o.eclipse.m2e.core.internal.Bundles - 	Entry: C:\Users\RITIK SHARMA\.p2\pool\plugins\org.eclipse.m2e.maven.runtime_3.9.600.20231203-1234
2024-03-09 16:10:17,688 [Worker-35: Launching mavenrun-1ed1d7d4-3e9e-490a-a6b8-e89bdd79e161] INFO  o.eclipse.m2e.core.internal.Bundles - 	Entry: C:\Users\RITIK SHARMA\.p2\pool\plugins\org.eclipse.m2e.maven.runtime_3.9.600.20231203-1234\jars\aopalliance-1.0.jar
2024-03-09 16:10:17,689 [Worker-35: Launching mavenrun-1ed1d7d4-3e9e-490a-a6b8-e89bdd79e161] INFO  o.eclipse.m2e.core.internal.Bundles - 	Entry: C:\Users\RITIK SHARMA\.p2\pool\plugins\org.eclipse.m2e.maven.runtime_3.9.600.20231203-1234\jars\guice-5.1.0.jar
2024-03-09 16:10:17,689 [Worker-35: Launching mavenrun-1ed1d7d4-3e9e-490a-a6b8-e89bdd79e161] INFO  o.eclipse.m2e.core.internal.Bundles - 	Entry: C:\Users\RITIK SHARMA\.p2\pool\plugins\org.eclipse.m2e.maven.runtime_3.9.600.20231203-1234\jars\httpclient-4.5.14.jar
2024-03-09 16:10:17,689 [Worker-35: Launching mavenrun-1ed1d7d4-3e9e-490a-a6b8-e89bdd79e161] INFO  o.eclipse.m2e.core.internal.Bundles - 	Entry: C:\Users\RITIK SHARMA\.p2\pool\plugins\org.eclipse.m2e.maven.runtime_3.9.600.20231203-1234\jars\httpcore-4.4.16.jar
2024-03-09 16:10:17,689 [Worker-35: Launching mavenrun-1ed1d7d4-3e9e-490a-a6b8-e89bdd79e161] INFO  o.eclipse.m2e.core.internal.Bundles - 	Entry: C:\Users\RITIK SHARMA\.p2\pool\plugins\org.eclipse.m2e.maven.runtime_3.9.600.20231203-1234\jars\jansi-2.4.0.jar
2024-03-09 16:10:17,690 [Worker-35: Launching mavenrun-1ed1d7d4-3e9e-490a-a6b8-e89bdd79e161] INFO  o.eclipse.m2e.core.internal.Bundles - 	Entry: C:\Users\RITIK SHARMA\.p2\pool\plugins\org.eclipse.m2e.maven.runtime_3.9.600.20231203-1234\jars\jcl-over-slf4j-1.7.36.jar
2024-03-09 16:10:17,690 [Worker-35: Launching mavenrun-1ed1d7d4-3e9e-490a-a6b8-e89bdd79e161] INFO  o.eclipse.m2e.core.internal.Bundles - 	Entry: C:\Users\RITIK SHARMA\.p2\pool\plugins\org.eclipse.m2e.maven.runtime_3.9.600.20231203-1234\jars\maven-artifact-3.9.6.jar
2024-03-09 16:10:17,690 [Worker-35: Launching mavenrun-1ed1d7d4-3e9e-490a-a6b8-e89bdd79e161] INFO  o.eclipse.m2e.core.internal.Bundles - 	Entry: C:\Users\RITIK SHARMA\.p2\pool\plugins\org.eclipse.m2e.maven.runtime_3.9.600.20231203-1234\jars\maven-builder-support-3.9.6.jar
2024-03-09 16:10:17,690 [Worker-35: Launching mavenrun-1ed1d7d4-3e9e-490a-a6b8-e89bdd79e161] INFO  o.eclipse.m2e.core.internal.Bundles - 	Entry: C:\Users\RITIK SHARMA\.p2\pool\plugins\org.eclipse.m2e.maven.runtime_3.9.600.20231203-1234\jars\maven-compat-3.9.6.jar
2024-03-09 16:10:17,691 [Worker-35: Launching mavenrun-1ed1d7d4-3e9e-490a-a6b8-e89bdd79e161] INFO  o.eclipse.m2e.core.internal.Bundles - 	Entry: C:\Users\RITIK SHARMA\.p2\pool\plugins\org.eclipse.m2e.maven.runtime_3.9.600.20231203-1234\jars\maven-core-3.9.6.jar
2024-03-09 16:10:17,691 [Worker-35: Launching mavenrun-1ed1d7d4-3e9e-490a-a6b8-e89bdd79e161] INFO  o.eclipse.m2e.core.internal.Bundles - 	Entry: C:\Users\RITIK SHARMA\.p2\pool\plugins\org.eclipse.m2e.maven.runtime_3.9.600.20231203-1234\jars\maven-embedder-3.9.6.jar
2024-03-09 16:10:17,691 [Worker-35: Launching mavenrun-1ed1d7d4-3e9e-490a-a6b8-e89bdd79e161] INFO  o.eclipse.m2e.core.internal.Bundles - 	Entry: C:\Users\RITIK SHARMA\.p2\pool\plugins\org.eclipse.m2e.maven.runtime_3.9.600.20231203-1234\jars\maven-model-3.9.6.jar
2024-03-09 16:10:17,692 [Worker-35: Launching mavenrun-1ed1d7d4-3e9e-490a-a6b8-e89bdd79e161] INFO  o.eclipse.m2e.core.internal.Bundles - 	Entry: C:\Users\RITIK SHARMA\.p2\pool\plugins\org.eclipse.m2e.maven.runtime_3.9.600.20231203-1234\jars\maven-model-builder-3.9.6.jar
2024-03-09 16:10:17,692 [Worker-35: Launching mavenrun-1ed1d7d4-3e9e-490a-a6b8-e89bdd79e161] INFO  o.eclipse.m2e.core.internal.Bundles - 	Entry: C:\Users\RITIK SHARMA\.p2\pool\plugins\org.eclipse.m2e.maven.runtime_3.9.600.20231203-1234\jars\maven-plugin-api-3.9.6.jar
2024-03-09 16:10:17,692 [Worker-35: Launching mavenrun-1ed1d7d4-3e9e-490a-a6b8-e89bdd79e161] INFO  o.eclipse.m2e.core.internal.Bundles - 	Entry: C:\Users\RITIK SHARMA\.p2\pool\plugins\org.eclipse.m2e.maven.runtime_3.9.600.20231203-1234\jars\maven-repository-metadata-3.9.6.jar
2024-03-09 16:10:17,692 [Worker-35: Launching mavenrun-1ed1d7d4-3e9e-490a-a6b8-e89bdd79e161] INFO  o.eclipse.m2e.core.internal.Bundles - 	Entry: C:\Users\RITIK SHARMA\.p2\pool\plugins\org.eclipse.m2e.maven.runtime_3.9.600.20231203-1234\jars\maven-resolver-api-1.9.18.jar
2024-03-09 16:10:17,692 [Worker-35: Launching mavenrun-1ed1d7d4-3e9e-490a-a6b8-e89bdd79e161] INFO  o.eclipse.m2e.core.internal.Bundles - 	Entry: C:\Users\RITIK SHARMA\.p2\pool\plugins\org.eclipse.m2e.maven.runtime_3.9.600.20231203-1234\jars\maven-resolver-connector-basic-1.9.18.jar
2024-03-09 16:10:17,693 [Worker-35: Launching mavenrun-1ed1d7d4-3e9e-490a-a6b8-e89bdd79e161] INFO  o.eclipse.m2e.core.internal.Bundles - 	Entry: C:\Users\RITIK SHARMA\.p2\pool\plugins\org.eclipse.m2e.maven.runtime_3.9.600.20231203-1234\jars\maven-resolver-impl-1.9.18.jar
2024-03-09 16:10:17,693 [Worker-35: Launching mavenrun-1ed1d7d4-3e9e-490a-a6b8-e89bdd79e161] INFO  o.eclipse.m2e.core.internal.Bundles - 	Entry: C:\Users\RITIK SHARMA\.p2\pool\plugins\org.eclipse.m2e.maven.runtime_3.9.600.20231203-1234\jars\maven-resolver-named-locks-1.9.18.jar
2024-03-09 16:10:17,693 [Worker-35: Launching mavenrun-1ed1d7d4-3e9e-490a-a6b8-e89bdd79e161] INFO  o.eclipse.m2e.core.internal.Bundles - 	Entry: C:\Users\RITIK SHARMA\.p2\pool\plugins\org.eclipse.m2e.maven.runtime_3.9.600.20231203-1234\jars\maven-resolver-provider-3.9.6.jar
2024-03-09 16:10:17,694 [Worker-35: Launching mavenrun-1ed1d7d4-3e9e-490a-a6b8-e89bdd79e161] INFO  o.eclipse.m2e.core.internal.Bundles - 	Entry: C:\Users\RITIK SHARMA\.p2\pool\plugins\org.eclipse.m2e.maven.runtime_3.9.600.20231203-1234\jars\maven-resolver-spi-1.9.18.jar
2024-03-09 16:10:17,694 [Worker-35: Launching mavenrun-1ed1d7d4-3e9e-490a-a6b8-e89bdd79e161] INFO  o.eclipse.m2e.core.internal.Bundles - 	Entry: C:\Users\RITIK SHARMA\.p2\pool\plugins\org.eclipse.m2e.maven.runtime_3.9.600.20231203-1234\jars\maven-resolver-transport-file-1.9.18.jar
2024-03-09 16:10:17,694 [Worker-35: Launching mavenrun-1ed1d7d4-3e9e-490a-a6b8-e89bdd79e161] INFO  o.eclipse.m2e.core.internal.Bundles - 	Entry: C:\Users\RITIK SHARMA\.p2\pool\plugins\org.eclipse.m2e.maven.runtime_3.9.600.20231203-1234\jars\maven-resolver-transport-http-1.9.18.jar
2024-03-09 16:10:17,694 [Worker-35: Launching mavenrun-1ed1d7d4-3e9e-490a-a6b8-e89bdd79e161] INFO  o.eclipse.m2e.core.internal.Bundles - 	Entry: C:\Users\RITIK SHARMA\.p2\pool\plugins\org.eclipse.m2e.maven.runtime_3.9.600.20231203-1234\jars\maven-resolver-transport-wagon-1.9.18.jar
2024-03-09 16:10:17,695 [Worker-35: Launching mavenrun-1ed1d7d4-3e9e-490a-a6b8-e89bdd79e161] INFO  o.eclipse.m2e.core.internal.Bundles - 	Entry: C:\Users\RITIK SHARMA\.p2\pool\plugins\org.eclipse.m2e.maven.runtime_3.9.600.20231203-1234\jars\maven-resolver-util-1.9.18.jar
2024-03-09 16:10:17,695 [Worker-35: Launching mavenrun-1ed1d7d4-3e9e-490a-a6b8-e89bdd79e161] INFO  o.eclipse.m2e.core.internal.Bundles - 	Entry: C:\Users\RITIK SHARMA\.p2\pool\plugins\org.eclipse.m2e.maven.runtime_3.9.600.20231203-1234\jars\maven-settings-3.9.6.jar
2024-03-09 16:10:17,695 [Worker-35: Launching mavenrun-1ed1d7d4-3e9e-490a-a6b8-e89bdd79e161] INFO  o.eclipse.m2e.core.internal.Bundles - 	Entry: C:\Users\RITIK SHARMA\.p2\pool\plugins\org.eclipse.m2e.maven.runtime_3.9.600.20231203-1234\jars\maven-settings-builder-3.9.6.jar
2024-03-09 16:10:17,696 [Worker-35: Launching mavenrun-1ed1d7d4-3e9e-490a-a6b8-e89bdd79e161] INFO  o.eclipse.m2e.core.internal.Bundles - 	Entry: C:\Users\RITIK SHARMA\.p2\pool\plugins\org.eclipse.m2e.maven.runtime_3.9.600.20231203-1234\jars\maven-shared-utils-3.3.4.jar
2024-03-09 16:10:17,696 [Worker-35: Launching mavenrun-1ed1d7d4-3e9e-490a-a6b8-e89bdd79e161] INFO  o.eclipse.m2e.core.internal.Bundles - 	Entry: C:\Users\RITIK SHARMA\.p2\pool\plugins\org.eclipse.m2e.maven.runtime_3.9.600.20231203-1234\jars\org.eclipse.sisu.inject-0.9.0.M2.jar
2024-03-09 16:10:17,696 [Worker-35: Launching mavenrun-1ed1d7d4-3e9e-490a-a6b8-e89bdd79e161] INFO  o.eclipse.m2e.core.internal.Bundles - 	Entry: C:\Users\RITIK SHARMA\.p2\pool\plugins\org.eclipse.m2e.maven.runtime_3.9.600.20231203-1234\jars\org.eclipse.sisu.plexus-0.9.0.M2.jar
2024-03-09 16:10:17,696 [Worker-35: Launching mavenrun-1ed1d7d4-3e9e-490a-a6b8-e89bdd79e161] INFO  o.eclipse.m2e.core.internal.Bundles - 	Entry: C:\Users\RITIK SHARMA\.p2\pool\plugins\org.eclipse.m2e.maven.runtime_3.9.600.20231203-1234\jars\plexus-build-api-0.0.7.jar
2024-03-09 16:10:17,697 [Worker-35: Launching mavenrun-1ed1d7d4-3e9e-490a-a6b8-e89bdd79e161] INFO  o.eclipse.m2e.core.internal.Bundles - 	Entry: C:\Users\RITIK SHARMA\.p2\pool\plugins\org.eclipse.m2e.maven.runtime_3.9.600.20231203-1234\jars\plexus-cipher-2.0.jar
2024-03-09 16:10:17,697 [Worker-35: Launching mavenrun-1ed1d7d4-3e9e-490a-a6b8-e89bdd79e161] INFO  o.eclipse.m2e.core.internal.Bundles - 	Entry: C:\Users\RITIK SHARMA\.p2\pool\plugins\org.eclipse.m2e.maven.runtime_3.9.600.20231203-1234\jars\plexus-classworlds-2.7.0.jar
2024-03-09 16:10:17,697 [Worker-35: Launching mavenrun-1ed1d7d4-3e9e-490a-a6b8-e89bdd79e161] INFO  o.eclipse.m2e.core.internal.Bundles - 	Entry: C:\Users\RITIK SHARMA\.p2\pool\plugins\org.eclipse.m2e.maven.runtime_3.9.600.20231203-1234\jars\plexus-component-annotations-2.1.0.jar
2024-03-09 16:10:17,697 [Worker-35: Launching mavenrun-1ed1d7d4-3e9e-490a-a6b8-e89bdd79e161] INFO  o.eclipse.m2e.core.internal.Bundles - 	Entry: C:\Users\RITIK SHARMA\.p2\pool\plugins\org.eclipse.m2e.maven.runtime_3.9.600.20231203-1234\jars\plexus-interpolation-1.26.jar
2024-03-09 16:10:17,698 [Worker-35: Launching mavenrun-1ed1d7d4-3e9e-490a-a6b8-e89bdd79e161] INFO  o.eclipse.m2e.core.internal.Bundles - 	Entry: C:\Users\RITIK SHARMA\.p2\pool\plugins\org.eclipse.m2e.maven.runtime_3.9.600.20231203-1234\jars\plexus-sec-dispatcher-2.0.jar
2024-03-09 16:10:17,698 [Worker-35: Launching mavenrun-1ed1d7d4-3e9e-490a-a6b8-e89bdd79e161] INFO  o.eclipse.m2e.core.internal.Bundles - 	Entry: C:\Users\RITIK SHARMA\.p2\pool\plugins\org.eclipse.m2e.maven.runtime_3.9.600.20231203-1234\jars\plexus-utils-3.5.1.jar
2024-03-09 16:10:17,698 [Worker-35: Launching mavenrun-1ed1d7d4-3e9e-490a-a6b8-e89bdd79e161] INFO  o.eclipse.m2e.core.internal.Bundles - 	Entry: C:\Users\RITIK SHARMA\.p2\pool\plugins\org.eclipse.m2e.maven.runtime_3.9.600.20231203-1234\jars\wagon-file-3.5.3.jar
2024-03-09 16:10:17,698 [Worker-35: Launching mavenrun-1ed1d7d4-3e9e-490a-a6b8-e89bdd79e161] INFO  o.eclipse.m2e.core.internal.Bundles - 	Entry: C:\Users\RITIK SHARMA\.p2\pool\plugins\org.eclipse.m2e.maven.runtime_3.9.600.20231203-1234\jars\wagon-http-3.5.3.jar
2024-03-09 16:10:17,698 [Worker-35: Launching mavenrun-1ed1d7d4-3e9e-490a-a6b8-e89bdd79e161] INFO  o.eclipse.m2e.core.internal.Bundles - 	Entry: C:\Users\RITIK SHARMA\.p2\pool\plugins\org.eclipse.m2e.maven.runtime_3.9.600.20231203-1234\jars\wagon-http-shared-3.5.3.jar
2024-03-09 16:10:17,699 [Worker-35: Launching mavenrun-1ed1d7d4-3e9e-490a-a6b8-e89bdd79e161] INFO  o.eclipse.m2e.core.internal.Bundles - 	Entry: C:\Users\RITIK SHARMA\.p2\pool\plugins\org.eclipse.m2e.maven.runtime_3.9.600.20231203-1234\jars\wagon-provider-api-3.5.3.jar
2024-03-09 16:10:17,702 [Worker-35: Launching mavenrun-1ed1d7d4-3e9e-490a-a6b8-e89bdd79e161] INFO  o.eclipse.m2e.core.internal.Bundles - getClasspathEntries(Bundle=com.google.guava_32.1.3.jre [12])
2024-03-09 16:10:17,702 [Worker-35: Launching mavenrun-1ed1d7d4-3e9e-490a-a6b8-e89bdd79e161] INFO  o.eclipse.m2e.core.internal.Bundles - 	Entry: C:\Users\RITIK SHARMA\.p2\pool\plugins\com.google.guava_32.1.3.jre.jar
2024-03-09 16:10:17,703 [Worker-35: Launching mavenrun-1ed1d7d4-3e9e-490a-a6b8-e89bdd79e161] INFO  o.eclipse.m2e.core.internal.Bundles - getClasspathEntries(Bundle=slf4j.api_2.0.12 [1022])
2024-03-09 16:10:17,703 [Worker-35: Launching mavenrun-1ed1d7d4-3e9e-490a-a6b8-e89bdd79e161] INFO  o.eclipse.m2e.core.internal.Bundles - 	Entry: C:\Users\RITIK SHARMA\.p2\pool\plugins\slf4j.api_2.0.12.jar
2024-03-09 16:10:17,703 [Worker-35: Launching mavenrun-1ed1d7d4-3e9e-490a-a6b8-e89bdd79e161] INFO  o.eclipse.m2e.core.internal.Bundles - getClasspathEntries(Bundle=jakarta.inject.jakarta.inject-api_1.0.5 [29])
2024-03-09 16:10:17,704 [Worker-35: Launching mavenrun-1ed1d7d4-3e9e-490a-a6b8-e89bdd79e161] INFO  o.eclipse.m2e.core.internal.Bundles - 	Entry: C:\Users\RITIK SHARMA\.p2\pool\plugins\jakarta.inject.jakarta.inject-api_1.0.5.jar
2024-03-09 16:10:17,704 [Worker-35: Launching mavenrun-1ed1d7d4-3e9e-490a-a6b8-e89bdd79e161] INFO  o.eclipse.m2e.core.internal.Bundles - getClasspathEntries(Bundle=jakarta.annotation-api_1.3.5 [24])
2024-03-09 16:10:17,704 [Worker-35: Launching mavenrun-1ed1d7d4-3e9e-490a-a6b8-e89bdd79e161] INFO  o.eclipse.m2e.core.internal.Bundles - 	Entry: C:\Users\RITIK SHARMA\.p2\pool\plugins\jakarta.annotation-api_1.3.5.jar
2024-03-09 16:10:17,704 [Worker-35: Launching mavenrun-1ed1d7d4-3e9e-490a-a6b8-e89bdd79e161] INFO  o.eclipse.m2e.core.internal.Bundles - getClasspathEntries(Bundle=org.apache.commons.cli_1.6.0 [71])
2024-03-09 16:10:17,705 [Worker-35: Launching mavenrun-1ed1d7d4-3e9e-490a-a6b8-e89bdd79e161] INFO  o.eclipse.m2e.core.internal.Bundles - 	Entry: C:\Users\RITIK SHARMA\.p2\pool\plugins\org.apache.commons.cli_1.6.0.jar
2024-03-09 16:10:17,705 [Worker-35: Launching mavenrun-1ed1d7d4-3e9e-490a-a6b8-e89bdd79e161] INFO  o.eclipse.m2e.core.internal.Bundles - getClasspathEntries(Bundle=org.apache.commons.commons-codec_1.16.0 [75])
2024-03-09 16:10:17,705 [Worker-35: Launching mavenrun-1ed1d7d4-3e9e-490a-a6b8-e89bdd79e161] INFO  o.eclipse.m2e.core.internal.Bundles - 	Entry: C:\Users\RITIK SHARMA\.p2\pool\plugins\org.apache.commons.commons-codec_1.16.0.jar
2024-03-09 16:10:17,705 [Worker-35: Launching mavenrun-1ed1d7d4-3e9e-490a-a6b8-e89bdd79e161] INFO  o.eclipse.m2e.core.internal.Bundles - getClasspathEntries(Bundle=org.apache.commons.lang3_3.14.0 [998])
2024-03-09 16:10:17,706 [Worker-35: Launching mavenrun-1ed1d7d4-3e9e-490a-a6b8-e89bdd79e161] INFO  o.eclipse.m2e.core.internal.Bundles - 	Entry: C:\Users\RITIK SHARMA\.p2\pool\plugins\org.apache.commons.lang3_3.14.0.jar
2024-03-09 16:10:17,706 [Worker-35: Launching mavenrun-1ed1d7d4-3e9e-490a-a6b8-e89bdd79e161] INFO  o.eclipse.m2e.core.internal.Bundles - getClasspathEntries(Bundle=com.google.guava.failureaccess_1.0.2 [13])
2024-03-09 16:10:17,706 [Worker-35: Launching mavenrun-1ed1d7d4-3e9e-490a-a6b8-e89bdd79e161] INFO  o.eclipse.m2e.core.internal.Bundles - 	Entry: C:\Users\RITIK SHARMA\.p2\pool\plugins\com.google.guava.failureaccess_1.0.2.jar
2024-03-09 16:10:17,721 [Worker-35: Launching mavenrun-1ed1d7d4-3e9e-490a-a6b8-e89bdd79e161] INFO  o.e.m.i.launch.MavenLaunchDelegate - Run build in "C:\Users\RITIKS~1\AppData\Local\Temp\m2e-archetypeGenerator10478691545188620006":
2024-03-09 16:10:17,750 [Worker-35: Launching mavenrun-1ed1d7d4-3e9e-490a-a6b8-e89bdd79e161] INFO  o.e.m.i.launch.MavenLaunchDelegate -  mvn  -DarchetypeGroupId=org.apache.maven.archetypes -DarchetypeArtifactId=maven-archetype-webapp -DarchetypeVersion=1.0 -DgroupId=com.spring.mvce -DartifactId=springMVCC -Dversion=0.0.1-SNAPSHOT -Dpackage=com.spring.mvce.springMVCC -DoutputDirectory="E:\CODE\spring and springBoot project" -Dstyle.color=always -U archetype:generate
2024-03-09 16:10:38,166 [Worker-36: Creating maven-archetype-webapp] INFO  o.e.m.c.i.p.ProjectConfigurationManager - Collecting project info '/pom.xml' E:\CODE\spring and springBoot project\springMVCC\pom.xml
2024-03-09 16:10:38,314 [Worker-36: Creating maven-archetype-webapp] INFO  o.e.m.c.i.l.LifecycleMappingFactory - Using org.maven.ide.eclipse.wtp.WarLifecycleMapping lifecycle mapping for MavenProject: com.spring.mvce:springMVCC:0.0.1-SNAPSHOT @ E:\CODE\spring and springBoot project\springMVCC\pom.xml.
2024-03-09 16:10:39,238 [Worker-36: Creating maven-archetype-webapp] INFO  o.e.m.j.i.AbstractJavaProjectConfigurator - Adding source folder /springMVCC/src/main/java
2024-03-09 16:10:39,238 [Worker-36: Creating maven-archetype-webapp] INFO  o.e.m.j.i.AbstractJavaProjectConfigurator - Adding resource folder /springMVCC/src/main/resources
2024-03-09 16:10:39,239 [Worker-36: Creating maven-archetype-webapp] INFO  o.e.m.j.i.AbstractJavaProjectConfigurator - Adding source folder /springMVCC/src/test/java
2024-03-09 16:10:39,240 [Worker-36: Creating maven-archetype-webapp] INFO  o.e.m.j.i.AbstractJavaProjectConfigurator - Adding resource folder /springMVCC/src/test/resources
2024-03-09 16:10:40,959 [Worker-36: Creating maven-archetype-webapp] INFO  o.e.m.c.i.p.ProjectConfigurationManager - Imported and configured 1 project(s) in 2 sec
2024-03-09 16:10:41,387 [Worker-37: Building] WARN  o.a.m.s.f.DefaultMavenResourcesFiltering - Using platform encoding (UTF-8 actually) to copy filtered resources, i.e. build is platform dependent!
2024-03-09 16:10:41,388 [Worker-37: Building] INFO  o.a.m.s.f.DefaultMavenResourcesFiltering - Copying 0 resource from src\main\resources to target\classes
2024-03-09 16:10:41,394 [Worker-37: Building] WARN  o.a.m.s.f.DefaultMavenResourcesFiltering - Using platform encoding (UTF-8 actually) to copy filtered resources, i.e. build is platform dependent!
2024-03-09 16:10:41,395 [Worker-37: Building] INFO  o.a.m.s.f.DefaultMavenResourcesFiltering - skip non existing resourceDirectory E:\CODE\spring and springBoot project\springMVCC\src\test\resources
2024-03-09 16:25:41,422 [Worker-46: Building] WARN  o.a.m.s.f.DefaultMavenResourcesFiltering - Using platform encoding (UTF-8 actually) to copy filtered resources, i.e. build is platform dependent!
2024-03-09 16:25:41,427 [Worker-46: Building] INFO  o.a.m.s.f.DefaultMavenResourcesFiltering - Copying 0 resource from src\main\resources to target\classes
2024-03-09 16:25:41,433 [Worker-46: Building] WARN  o.a.m.s.f.DefaultMavenResourcesFiltering - Using platform encoding (UTF-8 actually) to copy filtered resources, i.e. build is platform dependent!
2024-03-09 16:25:41,435 [Worker-46: Building] INFO  o.a.m.s.f.DefaultMavenResourcesFiltering - Copying 0 resource from src\test\resources to target\test-classes
2024-03-09 17:01:05,226 [Worker-54: Importing Maven projects] INFO  o.e.m.c.i.l.LifecycleMappingFactory - Using org.eclipse.m2e.jdt.JarLifecycleMapping lifecycle mapping for MavenProject: com.springcore:SpringJdbc:0.0.1-SNAPSHOT @ E:\CODE\spring and springBoot project\SpringJdbc\pom.xml.
2024-03-09 17:01:06,860 [Worker-54: Importing Maven projects] INFO  o.e.m.j.i.AbstractJavaProjectConfigurator - Adding source folder /SpringJdbc/src/main/java
2024-03-09 17:01:06,861 [Worker-54: Importing Maven projects] INFO  o.e.m.j.i.AbstractJavaProjectConfigurator - Adding resource folder /SpringJdbc/src/main/resources
2024-03-09 17:01:06,862 [Worker-54: Importing Maven projects] INFO  o.e.m.j.i.AbstractJavaProjectConfigurator - Adding source folder /SpringJdbc/src/test/java
2024-03-09 17:01:06,863 [Worker-54: Importing Maven projects] INFO  o.e.m.j.i.AbstractJavaProjectConfigurator - Adding resource folder /SpringJdbc/src/test/resources
2024-03-09 17:01:06,933 [Worker-54: Importing Maven projects] INFO  o.e.m.c.i.p.ProjectConfigurationManager - Imported and configured 1 project(s) in 1 sec
2024-03-09 17:01:07,581 [Worker-59: Building] INFO  o.a.m.s.f.DefaultMavenResourcesFiltering - skip non existing resourceDirectory E:\CODE\spring and springBoot project\SpringJdbc\src\main\resources
2024-03-09 17:01:07,586 [Worker-59: Building] INFO  o.a.m.s.f.DefaultMavenResourcesFiltering - skip non existing resourceDirectory E:\CODE\spring and springBoot project\SpringJdbc\src\test\resources
2024-03-09 17:02:10,785 [Worker-56: Importing Maven projects] INFO  o.e.m.c.i.l.LifecycleMappingFactory - Using org.eclipse.m2e.jdt.JarLifecycleMapping lifecycle mapping for MavenProject: com.springcore:springCore:0.0.1-SNAPSHOT @ E:\CODE\spring and springBoot project\springCore\pom.xml.
2024-03-09 17:02:11,421 [Worker-56: Importing Maven projects] INFO  o.e.m.j.i.AbstractJavaProjectConfigurator - Adding source folder /springCore/src/main/java
2024-03-09 17:02:11,423 [Worker-56: Importing Maven projects] INFO  o.e.m.j.i.AbstractJavaProjectConfigurator - Adding resource folder /springCore/src/main/resources
2024-03-09 17:02:11,424 [Worker-56: Importing Maven projects] INFO  o.e.m.j.i.AbstractJavaProjectConfigurator - Adding source folder /springCore/src/test/java
2024-03-09 17:02:11,425 [Worker-56: Importing Maven projects] INFO  o.e.m.j.i.AbstractJavaProjectConfigurator - Adding resource folder /springCore/src/test/resources
2024-03-09 17:02:11,510 [Worker-56: Importing Maven projects] INFO  o.e.m.c.i.p.ProjectConfigurationManager - Imported and configured 1 project(s) in 0 sec
2024-03-09 17:02:12,482 [Worker-58: Building] INFO  o.a.m.s.f.DefaultMavenResourcesFiltering - Copying 0 resource from src\main\resources to target\classes
2024-03-09 17:02:12,485 [Worker-58: Building] INFO  o.a.m.s.f.DefaultMavenResourcesFiltering - Copying 0 resource from src\test\resources to target\test-classes
2024-03-09 17:03:30,034 [Worker-56: Building] INFO  o.a.m.s.f.DefaultMavenResourcesFiltering - Copying 0 resource from src\main\resources to target\classes
2024-03-09 17:03:30,038 [Worker-56: Building] INFO  o.a.m.s.f.DefaultMavenResourcesFiltering - Copying 0 resource from src\test\resources to target\test-classes
2024-03-09 23:07:17,911 [Worker-1: Loading available Gradle versions] INFO  o.e.b.c.i.u.g.PublishedGradleVersions - Gradle version information cache is up-to-date. Trying to read.
2024-03-09 23:07:24,718 [Worker-3: Building] INFO  o.a.m.s.f.DefaultMavenResourcesFiltering - skip non existing resourceDirectory E:\CODE\spring and springBoot project\SpringJdbc\src\main\resources
2024-03-09 23:07:24,733 [Worker-3: Building] INFO  o.a.m.s.f.DefaultMavenResourcesFiltering - skip non existing resourceDirectory E:\CODE\spring and springBoot project\SpringJdbc\src\test\resources
2024-03-09 23:07:26,650 [Worker-3: Building] WARN  o.a.m.s.f.DefaultMavenResourcesFiltering - Using platform encoding (UTF-8 actually) to copy filtered resources, i.e. build is platform dependent!
2024-03-09 23:07:26,678 [Worker-3: Building] INFO  o.a.m.s.f.DefaultMavenResourcesFiltering - Copying 0 resource from src\main\resources to target\classes
2024-03-09 23:07:26,687 [Worker-3: Building] WARN  o.a.m.s.f.DefaultMavenResourcesFiltering - Using platform encoding (UTF-8 actually) to copy filtered resources, i.e. build is platform dependent!
2024-03-09 23:07:26,692 [Worker-3: Building] INFO  o.a.m.s.f.DefaultMavenResourcesFiltering - Copying 0 resource from src\test\resources to target\test-classes
2024-03-09 23:07:28,860 [Worker-3: Building] INFO  o.a.m.s.f.DefaultMavenResourcesFiltering - skip non existing resourceDirectory E:\CODE\spring and springBoot project\SpringORM\src\main\resources
2024-03-09 23:07:28,868 [Worker-3: Building] INFO  o.a.m.s.f.DefaultMavenResourcesFiltering - skip non existing resourceDirectory E:\CODE\spring and springBoot project\SpringORM\src\test\resources
2024-03-09 23:07:29,628 [Worker-3: Building] INFO  o.a.m.s.f.DefaultMavenResourcesFiltering - Copying 0 resource from src\main\resources to target\classes
2024-03-09 23:07:29,636 [Worker-3: Building] INFO  o.a.m.s.f.DefaultMavenResourcesFiltering - Copying 0 resource from src\test\resources to target\test-classes
2024-03-10 00:52:09,532 [Worker-7: Loading available Gradle versions] INFO  o.e.b.c.i.u.g.PublishedGradleVersions - Gradle version information cache is up-to-date. Trying to read.
2024-03-10 22:28:55,977 [Worker-7: Loading available Gradle versions] INFO  o.e.b.c.i.u.g.PublishedGradleVersions - Gradle version information cache is up-to-date. Trying to read.
2024-03-10 22:29:03,035 [Worker-7: Building] INFO  o.a.m.s.f.DefaultMavenResourcesFiltering - skip non existing resourceDirectory E:\CODE\spring and springBoot project\SpringJdbc\src\main\resources
2024-03-10 22:29:03,049 [Worker-7: Building] INFO  o.a.m.s.f.DefaultMavenResourcesFiltering - skip non existing resourceDirectory E:\CODE\spring and springBoot project\SpringJdbc\src\test\resources
2024-03-10 22:29:07,130 [Worker-7: Building] INFO  o.a.m.s.f.DefaultMavenResourcesFiltering - skip non existing resourceDirectory E:\CODE\spring and springBoot project\SpringORM\src\main\resources
2024-03-10 22:29:07,136 [Worker-7: Building] INFO  o.a.m.s.f.DefaultMavenResourcesFiltering - skip non existing resourceDirectory E:\CODE\spring and springBoot project\SpringORM\src\test\resources
2024-03-10 22:29:08,987 [Worker-10: Deferred Early Start] INFO  o.a.h.c.h.i.c.HttpRequestRetryExec - Recoverable I/O exception (java.net.SocketException) caught when processing request to {s}->https://www.eclipse.org:443
2024-03-11 16:59:27,777 [Worker-6: Loading available Gradle versions] INFO  o.e.b.c.i.u.g.PublishedGradleVersions - Gradle version information cache is up-to-date. Trying to read.
2024-03-11 16:59:37,036 [Worker-16: Building] INFO  o.a.m.s.f.DefaultMavenResourcesFiltering - skip non existing resourceDirectory E:\CODE\spring and springBoot project\SpringJdbc\src\main\resources
2024-03-11 16:59:37,056 [Worker-16: Building] INFO  o.a.m.s.f.DefaultMavenResourcesFiltering - skip non existing resourceDirectory E:\CODE\spring and springBoot project\SpringJdbc\src\test\resources
2024-03-11 16:59:40,257 [Worker-16: Building] WARN  o.a.m.s.f.DefaultMavenResourcesFiltering - Using platform encoding (UTF-8 actually) to copy filtered resources, i.e. build is platform dependent!
2024-03-11 16:59:40,267 [Worker-16: Building] INFO  o.a.m.s.f.DefaultMavenResourcesFiltering - Copying 0 resource from src\main\resources to target\classes
2024-03-11 16:59:40,274 [Worker-16: Building] WARN  o.a.m.s.f.DefaultMavenResourcesFiltering - Using platform encoding (UTF-8 actually) to copy filtered resources, i.e. build is platform dependent!
2024-03-11 16:59:40,276 [Worker-16: Building] INFO  o.a.m.s.f.DefaultMavenResourcesFiltering - Copying 0 resource from src\test\resources to target\test-classes
2024-03-11 16:59:44,953 [Worker-16: Building] INFO  o.a.m.s.f.DefaultMavenResourcesFiltering - skip non existing resourceDirectory E:\CODE\spring and springBoot project\SpringORM\src\main\resources
2024-03-11 16:59:44,957 [Worker-16: Building] INFO  o.a.m.s.f.DefaultMavenResourcesFiltering - skip non existing resourceDirectory E:\CODE\spring and springBoot project\SpringORM\src\test\resources
2024-03-11 16:59:46,037 [Worker-16: Building] INFO  o.a.m.s.f.DefaultMavenResourcesFiltering - Copying 0 resource from src\main\resources to target\classes
2024-03-11 16:59:46,044 [Worker-16: Building] INFO  o.a.m.s.f.DefaultMavenResourcesFiltering - Copying 0 resource from src\test\resources to target\test-classes
