2024-03-09 17:07:40,260 [Worker-6: Loading available Gradle versions] INFO  o.e.b.c.i.u.g.PublishedGradleVersions - Gradle version information cache is up-to-date. Trying to read.
2024-03-09 17:11:32,385 [Worker-17: Launching mavenrun-e42d7fa0-3939-4eb3-bbd1-cd4333f6deb9] INFO  o.eclipse.m2e.core.internal.Bundles - getClasspathEntries(Bundle=org.eclipse.m2e.maven.runtime_3.9.600.20231203-1234 [1008])
2024-03-09 17:11:32,391 [Worker-17: Launching mavenrun-e42d7fa0-3939-4eb3-bbd1-cd4333f6deb9] INFO  o.eclipse.m2e.core.internal.Bundles - 	Entry: C:\Users\RITIK SHARMA\.p2\pool\plugins\org.eclipse.m2e.maven.runtime_3.9.600.20231203-1234
2024-03-09 17:11:32,391 [Worker-17: Launching mavenrun-e42d7fa0-3939-4eb3-bbd1-cd4333f6deb9] INFO  o.eclipse.m2e.core.internal.Bundles - 	Entry: C:\Users\RITIK SHARMA\.p2\pool\plugins\org.eclipse.m2e.maven.runtime_3.9.600.20231203-1234\jars\aopalliance-1.0.jar
2024-03-09 17:11:32,392 [Worker-17: Launching mavenrun-e42d7fa0-3939-4eb3-bbd1-cd4333f6deb9] INFO  o.eclipse.m2e.core.internal.Bundles - 	Entry: C:\Users\RITIK SHARMA\.p2\pool\plugins\org.eclipse.m2e.maven.runtime_3.9.600.20231203-1234\jars\guice-5.1.0.jar
2024-03-09 17:11:32,393 [Worker-17: Launching mavenrun-e42d7fa0-3939-4eb3-bbd1-cd4333f6deb9] INFO  o.eclipse.m2e.core.internal.Bundles - 	Entry: C:\Users\RITIK SHARMA\.p2\pool\plugins\org.eclipse.m2e.maven.runtime_3.9.600.20231203-1234\jars\httpclient-4.5.14.jar
2024-03-09 17:11:32,393 [Worker-17: Launching mavenrun-e42d7fa0-3939-4eb3-bbd1-cd4333f6deb9] INFO  o.eclipse.m2e.core.internal.Bundles - 	Entry: C:\Users\RITIK SHARMA\.p2\pool\plugins\org.eclipse.m2e.maven.runtime_3.9.600.20231203-1234\jars\httpcore-4.4.16.jar
2024-03-09 17:11:32,393 [Worker-17: Launching mavenrun-e42d7fa0-3939-4eb3-bbd1-cd4333f6deb9] INFO  o.eclipse.m2e.core.internal.Bundles - 	Entry: C:\Users\RITIK SHARMA\.p2\pool\plugins\org.eclipse.m2e.maven.runtime_3.9.600.20231203-1234\jars\jansi-2.4.0.jar
2024-03-09 17:11:32,394 [Worker-17: Launching mavenrun-e42d7fa0-3939-4eb3-bbd1-cd4333f6deb9] INFO  o.eclipse.m2e.core.internal.Bundles - 	Entry: C:\Users\RITIK SHARMA\.p2\pool\plugins\org.eclipse.m2e.maven.runtime_3.9.600.20231203-1234\jars\jcl-over-slf4j-1.7.36.jar
2024-03-09 17:11:32,394 [Worker-17: Launching mavenrun-e42d7fa0-3939-4eb3-bbd1-cd4333f6deb9] INFO  o.eclipse.m2e.core.internal.Bundles - 	Entry: C:\Users\RITIK SHARMA\.p2\pool\plugins\org.eclipse.m2e.maven.runtime_3.9.600.20231203-1234\jars\maven-artifact-3.9.6.jar
2024-03-09 17:11:32,394 [Worker-17: Launching mavenrun-e42d7fa0-3939-4eb3-bbd1-cd4333f6deb9] INFO  o.eclipse.m2e.core.internal.Bundles - 	Entry: C:\Users\RITIK SHARMA\.p2\pool\plugins\org.eclipse.m2e.maven.runtime_3.9.600.20231203-1234\jars\maven-builder-support-3.9.6.jar
2024-03-09 17:11:32,394 [Worker-17: Launching mavenrun-e42d7fa0-3939-4eb3-bbd1-cd4333f6deb9] INFO  o.eclipse.m2e.core.internal.Bundles - 	Entry: C:\Users\RITIK SHARMA\.p2\pool\plugins\org.eclipse.m2e.maven.runtime_3.9.600.20231203-1234\jars\maven-compat-3.9.6.jar
2024-03-09 17:11:32,394 [Worker-17: Launching mavenrun-e42d7fa0-3939-4eb3-bbd1-cd4333f6deb9] INFO  o.eclipse.m2e.core.internal.Bundles - 	Entry: C:\Users\RITIK SHARMA\.p2\pool\plugins\org.eclipse.m2e.maven.runtime_3.9.600.20231203-1234\jars\maven-core-3.9.6.jar
2024-03-09 17:11:32,395 [Worker-17: Launching mavenrun-e42d7fa0-3939-4eb3-bbd1-cd4333f6deb9] INFO  o.eclipse.m2e.core.internal.Bundles - 	Entry: C:\Users\RITIK SHARMA\.p2\pool\plugins\org.eclipse.m2e.maven.runtime_3.9.600.20231203-1234\jars\maven-embedder-3.9.6.jar
2024-03-09 17:11:32,395 [Worker-17: Launching mavenrun-e42d7fa0-3939-4eb3-bbd1-cd4333f6deb9] INFO  o.eclipse.m2e.core.internal.Bundles - 	Entry: C:\Users\RITIK SHARMA\.p2\pool\plugins\org.eclipse.m2e.maven.runtime_3.9.600.20231203-1234\jars\maven-model-3.9.6.jar
2024-03-09 17:11:32,395 [Worker-17: Launching mavenrun-e42d7fa0-3939-4eb3-bbd1-cd4333f6deb9] INFO  o.eclipse.m2e.core.internal.Bundles - 	Entry: C:\Users\RITIK SHARMA\.p2\pool\plugins\org.eclipse.m2e.maven.runtime_3.9.600.20231203-1234\jars\maven-model-builder-3.9.6.jar
2024-03-09 17:11:32,395 [Worker-17: Launching mavenrun-e42d7fa0-3939-4eb3-bbd1-cd4333f6deb9] INFO  o.eclipse.m2e.core.internal.Bundles - 	Entry: C:\Users\RITIK SHARMA\.p2\pool\plugins\org.eclipse.m2e.maven.runtime_3.9.600.20231203-1234\jars\maven-plugin-api-3.9.6.jar
2024-03-09 17:11:32,396 [Worker-17: Launching mavenrun-e42d7fa0-3939-4eb3-bbd1-cd4333f6deb9] INFO  o.eclipse.m2e.core.internal.Bundles - 	Entry: C:\Users\RITIK SHARMA\.p2\pool\plugins\org.eclipse.m2e.maven.runtime_3.9.600.20231203-1234\jars\maven-repository-metadata-3.9.6.jar
2024-03-09 17:11:32,396 [Worker-17: Launching mavenrun-e42d7fa0-3939-4eb3-bbd1-cd4333f6deb9] INFO  o.eclipse.m2e.core.internal.Bundles - 	Entry: C:\Users\RITIK SHARMA\.p2\pool\plugins\org.eclipse.m2e.maven.runtime_3.9.600.20231203-1234\jars\maven-resolver-api-1.9.18.jar
2024-03-09 17:11:32,396 [Worker-17: Launching mavenrun-e42d7fa0-3939-4eb3-bbd1-cd4333f6deb9] INFO  o.eclipse.m2e.core.internal.Bundles - 	Entry: C:\Users\RITIK SHARMA\.p2\pool\plugins\org.eclipse.m2e.maven.runtime_3.9.600.20231203-1234\jars\maven-resolver-connector-basic-1.9.18.jar
2024-03-09 17:11:32,396 [Worker-17: Launching mavenrun-e42d7fa0-3939-4eb3-bbd1-cd4333f6deb9] INFO  o.eclipse.m2e.core.internal.Bundles - 	Entry: C:\Users\RITIK SHARMA\.p2\pool\plugins\org.eclipse.m2e.maven.runtime_3.9.600.20231203-1234\jars\maven-resolver-impl-1.9.18.jar
2024-03-09 17:11:32,396 [Worker-17: Launching mavenrun-e42d7fa0-3939-4eb3-bbd1-cd4333f6deb9] INFO  o.eclipse.m2e.core.internal.Bundles - 	Entry: C:\Users\RITIK SHARMA\.p2\pool\plugins\org.eclipse.m2e.maven.runtime_3.9.600.20231203-1234\jars\maven-resolver-named-locks-1.9.18.jar
2024-03-09 17:11:32,397 [Worker-17: Launching mavenrun-e42d7fa0-3939-4eb3-bbd1-cd4333f6deb9] INFO  o.eclipse.m2e.core.internal.Bundles - 	Entry: C:\Users\RITIK SHARMA\.p2\pool\plugins\org.eclipse.m2e.maven.runtime_3.9.600.20231203-1234\jars\maven-resolver-provider-3.9.6.jar
2024-03-09 17:11:32,397 [Worker-17: Launching mavenrun-e42d7fa0-3939-4eb3-bbd1-cd4333f6deb9] INFO  o.eclipse.m2e.core.internal.Bundles - 	Entry: C:\Users\RITIK SHARMA\.p2\pool\plugins\org.eclipse.m2e.maven.runtime_3.9.600.20231203-1234\jars\maven-resolver-spi-1.9.18.jar
2024-03-09 17:11:32,397 [Worker-17: Launching mavenrun-e42d7fa0-3939-4eb3-bbd1-cd4333f6deb9] INFO  o.eclipse.m2e.core.internal.Bundles - 	Entry: C:\Users\RITIK SHARMA\.p2\pool\plugins\org.eclipse.m2e.maven.runtime_3.9.600.20231203-1234\jars\maven-resolver-transport-file-1.9.18.jar
2024-03-09 17:11:32,398 [Worker-17: Launching mavenrun-e42d7fa0-3939-4eb3-bbd1-cd4333f6deb9] INFO  o.eclipse.m2e.core.internal.Bundles - 	Entry: C:\Users\RITIK SHARMA\.p2\pool\plugins\org.eclipse.m2e.maven.runtime_3.9.600.20231203-1234\jars\maven-resolver-transport-http-1.9.18.jar
2024-03-09 17:11:32,398 [Worker-17: Launching mavenrun-e42d7fa0-3939-4eb3-bbd1-cd4333f6deb9] INFO  o.eclipse.m2e.core.internal.Bundles - 	Entry: C:\Users\RITIK SHARMA\.p2\pool\plugins\org.eclipse.m2e.maven.runtime_3.9.600.20231203-1234\jars\maven-resolver-transport-wagon-1.9.18.jar
2024-03-09 17:11:32,398 [Worker-17: Launching mavenrun-e42d7fa0-3939-4eb3-bbd1-cd4333f6deb9] INFO  o.eclipse.m2e.core.internal.Bundles - 	Entry: C:\Users\RITIK SHARMA\.p2\pool\plugins\org.eclipse.m2e.maven.runtime_3.9.600.20231203-1234\jars\maven-resolver-util-1.9.18.jar
2024-03-09 17:11:32,399 [Worker-17: Launching mavenrun-e42d7fa0-3939-4eb3-bbd1-cd4333f6deb9] INFO  o.eclipse.m2e.core.internal.Bundles - 	Entry: C:\Users\RITIK SHARMA\.p2\pool\plugins\org.eclipse.m2e.maven.runtime_3.9.600.20231203-1234\jars\maven-settings-3.9.6.jar
2024-03-09 17:11:32,399 [Worker-17: Launching mavenrun-e42d7fa0-3939-4eb3-bbd1-cd4333f6deb9] INFO  o.eclipse.m2e.core.internal.Bundles - 	Entry: C:\Users\RITIK SHARMA\.p2\pool\plugins\org.eclipse.m2e.maven.runtime_3.9.600.20231203-1234\jars\maven-settings-builder-3.9.6.jar
2024-03-09 17:11:32,399 [Worker-17: Launching mavenrun-e42d7fa0-3939-4eb3-bbd1-cd4333f6deb9] INFO  o.eclipse.m2e.core.internal.Bundles - 	Entry: C:\Users\RITIK SHARMA\.p2\pool\plugins\org.eclipse.m2e.maven.runtime_3.9.600.20231203-1234\jars\maven-shared-utils-3.3.4.jar
2024-03-09 17:11:32,399 [Worker-17: Launching mavenrun-e42d7fa0-3939-4eb3-bbd1-cd4333f6deb9] INFO  o.eclipse.m2e.core.internal.Bundles - 	Entry: C:\Users\RITIK SHARMA\.p2\pool\plugins\org.eclipse.m2e.maven.runtime_3.9.600.20231203-1234\jars\org.eclipse.sisu.inject-0.9.0.M2.jar
2024-03-09 17:11:32,399 [Worker-17: Launching mavenrun-e42d7fa0-3939-4eb3-bbd1-cd4333f6deb9] INFO  o.eclipse.m2e.core.internal.Bundles - 	Entry: C:\Users\RITIK SHARMA\.p2\pool\plugins\org.eclipse.m2e.maven.runtime_3.9.600.20231203-1234\jars\org.eclipse.sisu.plexus-0.9.0.M2.jar
2024-03-09 17:11:32,400 [Worker-17: Launching mavenrun-e42d7fa0-3939-4eb3-bbd1-cd4333f6deb9] INFO  o.eclipse.m2e.core.internal.Bundles - 	Entry: C:\Users\RITIK SHARMA\.p2\pool\plugins\org.eclipse.m2e.maven.runtime_3.9.600.20231203-1234\jars\plexus-build-api-0.0.7.jar
2024-03-09 17:11:32,400 [Worker-17: Launching mavenrun-e42d7fa0-3939-4eb3-bbd1-cd4333f6deb9] INFO  o.eclipse.m2e.core.internal.Bundles - 	Entry: C:\Users\RITIK SHARMA\.p2\pool\plugins\org.eclipse.m2e.maven.runtime_3.9.600.20231203-1234\jars\plexus-cipher-2.0.jar
2024-03-09 17:11:32,400 [Worker-17: Launching mavenrun-e42d7fa0-3939-4eb3-bbd1-cd4333f6deb9] INFO  o.eclipse.m2e.core.internal.Bundles - 	Entry: C:\Users\RITIK SHARMA\.p2\pool\plugins\org.eclipse.m2e.maven.runtime_3.9.600.20231203-1234\jars\plexus-classworlds-2.7.0.jar
2024-03-09 17:11:32,400 [Worker-17: Launching mavenrun-e42d7fa0-3939-4eb3-bbd1-cd4333f6deb9] INFO  o.eclipse.m2e.core.internal.Bundles - 	Entry: C:\Users\RITIK SHARMA\.p2\pool\plugins\org.eclipse.m2e.maven.runtime_3.9.600.20231203-1234\jars\plexus-component-annotations-2.1.0.jar
2024-03-09 17:11:32,401 [Worker-17: Launching mavenrun-e42d7fa0-3939-4eb3-bbd1-cd4333f6deb9] INFO  o.eclipse.m2e.core.internal.Bundles - 	Entry: C:\Users\RITIK SHARMA\.p2\pool\plugins\org.eclipse.m2e.maven.runtime_3.9.600.20231203-1234\jars\plexus-interpolation-1.26.jar
2024-03-09 17:11:32,401 [Worker-17: Launching mavenrun-e42d7fa0-3939-4eb3-bbd1-cd4333f6deb9] INFO  o.eclipse.m2e.core.internal.Bundles - 	Entry: C:\Users\RITIK SHARMA\.p2\pool\plugins\org.eclipse.m2e.maven.runtime_3.9.600.20231203-1234\jars\plexus-sec-dispatcher-2.0.jar
2024-03-09 17:11:32,401 [Worker-17: Launching mavenrun-e42d7fa0-3939-4eb3-bbd1-cd4333f6deb9] INFO  o.eclipse.m2e.core.internal.Bundles - 	Entry: C:\Users\RITIK SHARMA\.p2\pool\plugins\org.eclipse.m2e.maven.runtime_3.9.600.20231203-1234\jars\plexus-utils-3.5.1.jar
2024-03-09 17:11:32,401 [Worker-17: Launching mavenrun-e42d7fa0-3939-4eb3-bbd1-cd4333f6deb9] INFO  o.eclipse.m2e.core.internal.Bundles - 	Entry: C:\Users\RITIK SHARMA\.p2\pool\plugins\org.eclipse.m2e.maven.runtime_3.9.600.20231203-1234\jars\wagon-file-3.5.3.jar
2024-03-09 17:11:32,401 [Worker-17: Launching mavenrun-e42d7fa0-3939-4eb3-bbd1-cd4333f6deb9] INFO  o.eclipse.m2e.core.internal.Bundles - 	Entry: C:\Users\RITIK SHARMA\.p2\pool\plugins\org.eclipse.m2e.maven.runtime_3.9.600.20231203-1234\jars\wagon-http-3.5.3.jar
2024-03-09 17:11:32,402 [Worker-17: Launching mavenrun-e42d7fa0-3939-4eb3-bbd1-cd4333f6deb9] INFO  o.eclipse.m2e.core.internal.Bundles - 	Entry: C:\Users\RITIK SHARMA\.p2\pool\plugins\org.eclipse.m2e.maven.runtime_3.9.600.20231203-1234\jars\wagon-http-shared-3.5.3.jar
2024-03-09 17:11:32,402 [Worker-17: Launching mavenrun-e42d7fa0-3939-4eb3-bbd1-cd4333f6deb9] INFO  o.eclipse.m2e.core.internal.Bundles - 	Entry: C:\Users\RITIK SHARMA\.p2\pool\plugins\org.eclipse.m2e.maven.runtime_3.9.600.20231203-1234\jars\wagon-provider-api-3.5.3.jar
2024-03-09 17:11:32,407 [Worker-17: Launching mavenrun-e42d7fa0-3939-4eb3-bbd1-cd4333f6deb9] INFO  o.eclipse.m2e.core.internal.Bundles - getClasspathEntries(Bundle=com.google.guava_32.1.3.jre [12])
2024-03-09 17:11:32,408 [Worker-17: Launching mavenrun-e42d7fa0-3939-4eb3-bbd1-cd4333f6deb9] INFO  o.eclipse.m2e.core.internal.Bundles - 	Entry: C:\Users\RITIK SHARMA\.p2\pool\plugins\com.google.guava_32.1.3.jre.jar
2024-03-09 17:11:32,409 [Worker-17: Launching mavenrun-e42d7fa0-3939-4eb3-bbd1-cd4333f6deb9] INFO  o.eclipse.m2e.core.internal.Bundles - getClasspathEntries(Bundle=slf4j.api_2.0.12 [1022])
2024-03-09 17:11:32,409 [Worker-17: Launching mavenrun-e42d7fa0-3939-4eb3-bbd1-cd4333f6deb9] INFO  o.eclipse.m2e.core.internal.Bundles - 	Entry: C:\Users\RITIK SHARMA\.p2\pool\plugins\slf4j.api_2.0.12.jar
2024-03-09 17:11:32,410 [Worker-17: Launching mavenrun-e42d7fa0-3939-4eb3-bbd1-cd4333f6deb9] INFO  o.eclipse.m2e.core.internal.Bundles - getClasspathEntries(Bundle=jakarta.inject.jakarta.inject-api_1.0.5 [29])
2024-03-09 17:11:32,410 [Worker-17: Launching mavenrun-e42d7fa0-3939-4eb3-bbd1-cd4333f6deb9] INFO  o.eclipse.m2e.core.internal.Bundles - 	Entry: C:\Users\RITIK SHARMA\.p2\pool\plugins\jakarta.inject.jakarta.inject-api_1.0.5.jar
2024-03-09 17:11:32,410 [Worker-17: Launching mavenrun-e42d7fa0-3939-4eb3-bbd1-cd4333f6deb9] INFO  o.eclipse.m2e.core.internal.Bundles - getClasspathEntries(Bundle=jakarta.annotation-api_1.3.5 [24])
2024-03-09 17:11:32,411 [Worker-17: Launching mavenrun-e42d7fa0-3939-4eb3-bbd1-cd4333f6deb9] INFO  o.eclipse.m2e.core.internal.Bundles - 	Entry: C:\Users\RITIK SHARMA\.p2\pool\plugins\jakarta.annotation-api_1.3.5.jar
2024-03-09 17:11:32,411 [Worker-17: Launching mavenrun-e42d7fa0-3939-4eb3-bbd1-cd4333f6deb9] INFO  o.eclipse.m2e.core.internal.Bundles - getClasspathEntries(Bundle=org.apache.commons.cli_1.6.0 [71])
2024-03-09 17:11:32,412 [Worker-17: Launching mavenrun-e42d7fa0-3939-4eb3-bbd1-cd4333f6deb9] INFO  o.eclipse.m2e.core.internal.Bundles - 	Entry: C:\Users\RITIK SHARMA\.p2\pool\plugins\org.apache.commons.cli_1.6.0.jar
2024-03-09 17:11:32,412 [Worker-17: Launching mavenrun-e42d7fa0-3939-4eb3-bbd1-cd4333f6deb9] INFO  o.eclipse.m2e.core.internal.Bundles - getClasspathEntries(Bundle=org.apache.commons.commons-codec_1.16.0 [75])
2024-03-09 17:11:32,413 [Worker-17: Launching mavenrun-e42d7fa0-3939-4eb3-bbd1-cd4333f6deb9] INFO  o.eclipse.m2e.core.internal.Bundles - 	Entry: C:\Users\RITIK SHARMA\.p2\pool\plugins\org.apache.commons.commons-codec_1.16.0.jar
2024-03-09 17:11:32,413 [Worker-17: Launching mavenrun-e42d7fa0-3939-4eb3-bbd1-cd4333f6deb9] INFO  o.eclipse.m2e.core.internal.Bundles - getClasspathEntries(Bundle=org.apache.commons.lang3_3.14.0 [998])
2024-03-09 17:11:32,413 [Worker-17: Launching mavenrun-e42d7fa0-3939-4eb3-bbd1-cd4333f6deb9] INFO  o.eclipse.m2e.core.internal.Bundles - 	Entry: C:\Users\RITIK SHARMA\.p2\pool\plugins\org.apache.commons.lang3_3.14.0.jar
2024-03-09 17:11:32,413 [Worker-17: Launching mavenrun-e42d7fa0-3939-4eb3-bbd1-cd4333f6deb9] INFO  o.eclipse.m2e.core.internal.Bundles - getClasspathEntries(Bundle=com.google.guava.failureaccess_1.0.2 [13])
2024-03-09 17:11:32,415 [Worker-17: Launching mavenrun-e42d7fa0-3939-4eb3-bbd1-cd4333f6deb9] INFO  o.eclipse.m2e.core.internal.Bundles - 	Entry: C:\Users\RITIK SHARMA\.p2\pool\plugins\com.google.guava.failureaccess_1.0.2.jar
2024-03-09 17:11:32,431 [Worker-17: Launching mavenrun-e42d7fa0-3939-4eb3-bbd1-cd4333f6deb9] INFO  o.e.m.i.launch.MavenLaunchDelegate - Run build in "C:\Users\RITIKS~1\AppData\Local\Temp\m2e-archetypeGenerator1146893091587574743":
2024-03-09 17:11:32,441 [Worker-17: Launching mavenrun-e42d7fa0-3939-4eb3-bbd1-cd4333f6deb9] INFO  o.e.m.i.launch.MavenLaunchDelegate -  mvn  -DarchetypeGroupId=org.apache.maven.archetypes -DarchetypeArtifactId=maven-archetype-webapp -DarchetypeVersion=1.0 -DgroupId=springmvc.demo -DartifactId=springmvcDemo -Dversion=0.0.1-SNAPSHOT -Dpackage=springmvc.demo.springmvcDemo -DoutputDirectory="E:\CODE\spring and springBoot project\spring and Hibernate" -Dstyle.color=always -U archetype:generate
2024-03-09 17:11:49,692 [Worker-8: Creating maven-archetype-webapp] INFO  o.e.m.c.i.p.ProjectConfigurationManager - Collecting project info '/pom.xml' E:\CODE\spring and springBoot project\spring and Hibernate\springmvcDemo\pom.xml
2024-03-09 17:11:50,933 [Worker-8: Creating maven-archetype-webapp] INFO  o.e.m.c.i.l.LifecycleMappingFactory - Using org.maven.ide.eclipse.wtp.WarLifecycleMapping lifecycle mapping for MavenProject: springmvc.demo:springmvcDemo:0.0.1-SNAPSHOT @ E:\CODE\spring and springBoot project\spring and Hibernate\springmvcDemo\pom.xml.
2024-03-09 17:11:52,644 [Worker-8: Creating maven-archetype-webapp] INFO  o.e.m.j.i.AbstractJavaProjectConfigurator - Adding source folder /springmvcDemo/src/main/java
2024-03-09 17:11:52,646 [Worker-8: Creating maven-archetype-webapp] INFO  o.e.m.j.i.AbstractJavaProjectConfigurator - Adding resource folder /springmvcDemo/src/main/resources
2024-03-09 17:11:52,649 [Worker-8: Creating maven-archetype-webapp] INFO  o.e.m.j.i.AbstractJavaProjectConfigurator - Adding source folder /springmvcDemo/src/test/java
2024-03-09 17:11:52,651 [Worker-8: Creating maven-archetype-webapp] INFO  o.e.m.j.i.AbstractJavaProjectConfigurator - Adding resource folder /springmvcDemo/src/test/resources
2024-03-09 17:11:55,368 [Worker-8: Creating maven-archetype-webapp] INFO  o.e.m.c.i.p.ProjectConfigurationManager - Imported and configured 1 project(s) in 5 sec
2024-03-09 17:11:56,295 [Worker-35: Building] WARN  o.a.m.s.f.DefaultMavenResourcesFiltering - Using platform encoding (UTF-8 actually) to copy filtered resources, i.e. build is platform dependent!
2024-03-09 17:11:56,304 [Worker-35: Building] INFO  o.a.m.s.f.DefaultMavenResourcesFiltering - Copying 0 resource from src\main\resources to target\classes
2024-03-09 17:11:56,312 [Worker-35: Building] WARN  o.a.m.s.f.DefaultMavenResourcesFiltering - Using platform encoding (UTF-8 actually) to copy filtered resources, i.e. build is platform dependent!
2024-03-09 17:11:56,313 [Worker-35: Building] INFO  o.a.m.s.f.DefaultMavenResourcesFiltering - skip non existing resourceDirectory E:\CODE\spring and springBoot project\spring and Hibernate\springmvcDemo\src\test\resources
2024-03-09 17:12:19,417 [Worker-35: Updating Maven Project] INFO  o.e.m.c.i.p.ProjectConfigurationManager - Update started
2024-03-09 17:12:19,822 [Worker-35: Updating Maven Project] INFO  o.e.m.c.i.l.LifecycleMappingFactory - Using org.maven.ide.eclipse.wtp.WarLifecycleMapping lifecycle mapping for MavenProject: springmvc.demo:springmvcDemo:0.0.1-SNAPSHOT @ E:\CODE\spring and springBoot project\spring and Hibernate\springmvcDemo\pom.xml.
2024-03-09 17:12:20,759 [Worker-35: Updating Maven Project] INFO  o.e.m.j.i.AbstractJavaProjectConfigurator - Adding source folder /springmvcDemo/src/main/java
2024-03-09 17:12:20,760 [Worker-35: Updating Maven Project] INFO  o.e.m.j.i.AbstractJavaProjectConfigurator - Adding resource folder /springmvcDemo/src/main/resources
2024-03-09 17:12:20,761 [Worker-35: Updating Maven Project] INFO  o.e.m.j.i.AbstractJavaProjectConfigurator - Adding source folder /springmvcDemo/src/test/java
2024-03-09 17:12:20,762 [Worker-35: Updating Maven Project] INFO  o.e.m.j.i.AbstractJavaProjectConfigurator - Adding resource folder /springmvcDemo/src/test/resources
2024-03-09 17:12:21,591 [Worker-35: Updating Maven Project] INFO  o.e.m.w.i.f.ResourceFilteringBuildParticipant - Cleaning filtered folder for springmvcDemo
2024-03-09 17:12:21,605 [Worker-35: Updating Maven Project] INFO  o.e.m.c.i.p.ProjectConfigurationManager - Update completed for 1 poms: local refresh takes 0.00 sec, refresh facades takes 1.00 sec, update config takes 0.00 sec 
2024-03-09 17:12:21,863 [Worker-17: Building] WARN  o.a.m.s.f.DefaultMavenResourcesFiltering - Using platform encoding (UTF-8 actually) to copy filtered resources, i.e. build is platform dependent!
2024-03-09 17:12:21,868 [Worker-17: Building] INFO  o.a.m.s.f.DefaultMavenResourcesFiltering - Copying 0 resource from src\main\resources to target\classes
2024-03-09 17:12:21,876 [Worker-17: Building] WARN  o.a.m.s.f.DefaultMavenResourcesFiltering - Using platform encoding (UTF-8 actually) to copy filtered resources, i.e. build is platform dependent!
2024-03-09 17:12:21,878 [Worker-17: Building] INFO  o.a.m.s.f.DefaultMavenResourcesFiltering - skip non existing resourceDirectory E:\CODE\spring and springBoot project\spring and Hibernate\springmvcDemo\src\test\resources
2024-03-09 17:12:21,879 [Worker-17: Building] INFO  o.e.m.w.i.f.ResourceFilteringBuildParticipant - Changed resources require a complete clean of filtered resources of springmvcDemo
2024-03-09 17:12:21,887 [Worker-17: Building] INFO  o.e.m.w.i.f.ResourceFilteringBuildParticipant - Executing resource filtering for springmvcDemo
2024-03-09 17:14:22,093 [Worker-37: Building] WARN  o.a.m.s.f.DefaultMavenResourcesFiltering - Using platform encoding (UTF-8 actually) to copy filtered resources, i.e. build is platform dependent!
2024-03-09 17:14:22,099 [Worker-37: Building] INFO  o.a.m.s.f.DefaultMavenResourcesFiltering - Copying 0 resource from src\main\resources to target\classes
2024-03-09 17:14:22,106 [Worker-37: Building] WARN  o.a.m.s.f.DefaultMavenResourcesFiltering - Using platform encoding (UTF-8 actually) to copy filtered resources, i.e. build is platform dependent!
2024-03-09 17:14:22,108 [Worker-37: Building] INFO  o.a.m.s.f.DefaultMavenResourcesFiltering - Copying 0 resource from src\test\resources to target\test-classes
2024-03-09 17:18:52,915 [Worker-26: Building] WARN  o.a.m.s.f.DefaultMavenResourcesFiltering - Using platform encoding (UTF-8 actually) to copy filtered resources, i.e. build is platform dependent!
2024-03-09 17:18:52,917 [Worker-26: Building] INFO  o.a.m.s.f.DefaultMavenResourcesFiltering - Copying 0 resource from src\main\resources to target\classes
2024-03-09 17:18:52,922 [Worker-26: Building] WARN  o.a.m.s.f.DefaultMavenResourcesFiltering - Using platform encoding (UTF-8 actually) to copy filtered resources, i.e. build is platform dependent!
2024-03-09 17:18:52,925 [Worker-26: Building] INFO  o.a.m.s.f.DefaultMavenResourcesFiltering - Copying 0 resource from src\test\resources to target\test-classes
2024-03-09 17:20:30,707 [Worker-44: Importing Maven projects] INFO  o.e.m.c.i.l.LifecycleMappingFactory - Using org.maven.ide.eclipse.wtp.WarLifecycleMapping lifecycle mapping for MavenProject: com.spring.mvc:SpringMVC:0.0.1-SNAPSHOT @ E:\CODE\spring and springBoot project\SpringMVC\pom.xml.
2024-03-09 17:20:31,533 [Worker-44: Importing Maven projects] INFO  o.e.m.j.i.AbstractJavaProjectConfigurator - Adding source folder /SpringMVC/src/main/java
2024-03-09 17:20:31,534 [Worker-44: Importing Maven projects] INFO  o.e.m.j.i.AbstractJavaProjectConfigurator - Adding resource folder /SpringMVC/src/main/resources
2024-03-09 17:20:31,536 [Worker-44: Importing Maven projects] INFO  o.e.m.j.i.AbstractJavaProjectConfigurator - Adding source folder /SpringMVC/src/test/java
2024-03-09 17:20:31,537 [Worker-44: Importing Maven projects] INFO  o.e.m.j.i.AbstractJavaProjectConfigurator - Adding resource folder /SpringMVC/src/test/resources
2024-03-09 17:20:32,640 [Worker-44: Importing Maven projects] INFO  o.e.m.c.i.p.ProjectConfigurationManager - Imported and configured 1 project(s) in 2 sec
2024-03-09 17:20:33,254 [Worker-37: Building] WARN  o.a.m.s.f.DefaultMavenResourcesFiltering - Using platform encoding (UTF-8 actually) to copy filtered resources, i.e. build is platform dependent!
2024-03-09 17:20:33,256 [Worker-37: Building] INFO  o.a.m.s.f.DefaultMavenResourcesFiltering - Copying 0 resource from src\main\resources to target\classes
2024-03-09 17:20:33,261 [Worker-37: Building] WARN  o.a.m.s.f.DefaultMavenResourcesFiltering - Using platform encoding (UTF-8 actually) to copy filtered resources, i.e. build is platform dependent!
2024-03-09 17:20:33,263 [Worker-37: Building] INFO  o.a.m.s.f.DefaultMavenResourcesFiltering - Copying 0 resource from src\test\resources to target\test-classes
2024-03-09 17:22:19,404 [Worker-39: Building] WARN  o.a.m.s.f.DefaultMavenResourcesFiltering - Using platform encoding (UTF-8 actually) to copy filtered resources, i.e. build is platform dependent!
2024-03-09 17:22:19,407 [Worker-39: Building] INFO  o.a.m.s.f.DefaultMavenResourcesFiltering - Copying 0 resource from src\main\resources to target\classes
2024-03-09 17:22:19,413 [Worker-39: Building] WARN  o.a.m.s.f.DefaultMavenResourcesFiltering - Using platform encoding (UTF-8 actually) to copy filtered resources, i.e. build is platform dependent!
2024-03-09 17:22:19,415 [Worker-39: Building] INFO  o.a.m.s.f.DefaultMavenResourcesFiltering - Copying 0 resource from src\test\resources to target\test-classes
2024-03-09 19:02:09,873 [Worker-4: Loading available Gradle versions] INFO  o.e.b.c.i.u.g.PublishedGradleVersions - Gradle version information cache is up-to-date. Trying to read.
2024-03-09 19:25:56,749 [Worker-35: Building] WARN  o.a.m.s.f.DefaultMavenResourcesFiltering - Using platform encoding (UTF-8 actually) to copy filtered resources, i.e. build is platform dependent!
2024-03-09 19:25:56,773 [Worker-35: Building] INFO  o.a.m.s.f.DefaultMavenResourcesFiltering - Copying 0 resource from src\main\resources to target\classes
2024-03-09 19:25:56,779 [Worker-35: Building] WARN  o.a.m.s.f.DefaultMavenResourcesFiltering - Using platform encoding (UTF-8 actually) to copy filtered resources, i.e. build is platform dependent!
2024-03-09 19:25:56,780 [Worker-35: Building] INFO  o.a.m.s.f.DefaultMavenResourcesFiltering - Copying 0 resource from src\test\resources to target\test-classes
2024-03-09 19:37:17,441 [Worker-35: Building] WARN  o.a.m.s.f.DefaultMavenResourcesFiltering - Using platform encoding (UTF-8 actually) to copy filtered resources, i.e. build is platform dependent!
2024-03-09 19:37:17,445 [Worker-35: Building] INFO  o.a.m.s.f.DefaultMavenResourcesFiltering - Copying 0 resource from src\main\resources to target\classes
2024-03-09 19:37:17,448 [Worker-35: Building] WARN  o.a.m.s.f.DefaultMavenResourcesFiltering - Using platform encoding (UTF-8 actually) to copy filtered resources, i.e. build is platform dependent!
2024-03-09 19:37:17,449 [Worker-35: Building] INFO  o.a.m.s.f.DefaultMavenResourcesFiltering - Copying 0 resource from src\test\resources to target\test-classes
2024-03-09 19:43:00,164 [Worker-1: Loading available Gradle versions] INFO  o.e.b.c.i.u.g.PublishedGradleVersions - Gradle version information cache is up-to-date. Trying to read.
2024-03-09 19:49:13,536 [Worker-31: Building] WARN  o.a.m.s.f.DefaultMavenResourcesFiltering - Using platform encoding (UTF-8 actually) to copy filtered resources, i.e. build is platform dependent!
2024-03-09 19:49:13,546 [Worker-31: Building] INFO  o.a.m.s.f.DefaultMavenResourcesFiltering - Copying 0 resource from src\main\resources to target\classes
2024-03-09 19:49:13,552 [Worker-31: Building] WARN  o.a.m.s.f.DefaultMavenResourcesFiltering - Using platform encoding (UTF-8 actually) to copy filtered resources, i.e. build is platform dependent!
2024-03-09 19:49:13,554 [Worker-31: Building] INFO  o.a.m.s.f.DefaultMavenResourcesFiltering - Copying 0 resource from src\test\resources to target\test-classes
2024-03-09 19:50:52,736 [Worker-20: Building] WARN  o.a.m.s.f.DefaultMavenResourcesFiltering - Using platform encoding (UTF-8 actually) to copy filtered resources, i.e. build is platform dependent!
2024-03-09 19:50:52,740 [Worker-20: Building] INFO  o.a.m.s.f.DefaultMavenResourcesFiltering - Copying 0 resource from src\main\resources to target\classes
2024-03-09 19:50:52,747 [Worker-20: Building] WARN  o.a.m.s.f.DefaultMavenResourcesFiltering - Using platform encoding (UTF-8 actually) to copy filtered resources, i.e. build is platform dependent!
2024-03-09 19:50:52,749 [Worker-20: Building] INFO  o.a.m.s.f.DefaultMavenResourcesFiltering - Copying 0 resource from src\test\resources to target\test-classes
2024-03-09 19:51:27,874 [Worker-1: Building] WARN  o.a.m.s.f.DefaultMavenResourcesFiltering - Using platform encoding (UTF-8 actually) to copy filtered resources, i.e. build is platform dependent!
2024-03-09 19:51:27,875 [Worker-1: Building] INFO  o.a.m.s.f.DefaultMavenResourcesFiltering - Copying 0 resource from src\main\resources to target\classes
2024-03-09 19:51:27,879 [Worker-1: Building] WARN  o.a.m.s.f.DefaultMavenResourcesFiltering - Using platform encoding (UTF-8 actually) to copy filtered resources, i.e. build is platform dependent!
2024-03-09 19:51:27,883 [Worker-1: Building] INFO  o.a.m.s.f.DefaultMavenResourcesFiltering - Copying 0 resource from src\test\resources to target\test-classes
2024-03-09 19:52:18,791 [Worker-33: Building] WARN  o.a.m.s.f.DefaultMavenResourcesFiltering - Using platform encoding (UTF-8 actually) to copy filtered resources, i.e. build is platform dependent!
2024-03-09 19:52:18,792 [Worker-33: Building] INFO  o.a.m.s.f.DefaultMavenResourcesFiltering - Copying 0 resource from src\main\resources to target\classes
2024-03-09 19:52:18,797 [Worker-33: Building] WARN  o.a.m.s.f.DefaultMavenResourcesFiltering - Using platform encoding (UTF-8 actually) to copy filtered resources, i.e. build is platform dependent!
2024-03-09 19:52:18,798 [Worker-33: Building] INFO  o.a.m.s.f.DefaultMavenResourcesFiltering - Copying 0 resource from src\test\resources to target\test-classes
2024-03-09 19:52:39,379 [Worker-32: Building] WARN  o.a.m.s.f.DefaultMavenResourcesFiltering - Using platform encoding (UTF-8 actually) to copy filtered resources, i.e. build is platform dependent!
2024-03-09 19:52:39,381 [Worker-32: Building] INFO  o.a.m.s.f.DefaultMavenResourcesFiltering - Copying 0 resource from src\main\resources to target\classes
2024-03-09 19:52:39,385 [Worker-32: Building] WARN  o.a.m.s.f.DefaultMavenResourcesFiltering - Using platform encoding (UTF-8 actually) to copy filtered resources, i.e. build is platform dependent!
2024-03-09 19:52:39,387 [Worker-32: Building] INFO  o.a.m.s.f.DefaultMavenResourcesFiltering - Copying 0 resource from src\test\resources to target\test-classes
2024-03-09 19:53:51,525 [Worker-1: Building] WARN  o.a.m.s.f.DefaultMavenResourcesFiltering - Using platform encoding (UTF-8 actually) to copy filtered resources, i.e. build is platform dependent!
2024-03-09 19:53:51,526 [Worker-1: Building] INFO  o.a.m.s.f.DefaultMavenResourcesFiltering - Copying 0 resource from src\main\resources to target\classes
2024-03-09 19:53:51,530 [Worker-1: Building] WARN  o.a.m.s.f.DefaultMavenResourcesFiltering - Using platform encoding (UTF-8 actually) to copy filtered resources, i.e. build is platform dependent!
2024-03-09 19:53:51,532 [Worker-1: Building] INFO  o.a.m.s.f.DefaultMavenResourcesFiltering - Copying 0 resource from src\test\resources to target\test-classes
2024-03-09 19:54:21,267 [Worker-30: Building] WARN  o.a.m.s.f.DefaultMavenResourcesFiltering - Using platform encoding (UTF-8 actually) to copy filtered resources, i.e. build is platform dependent!
2024-03-09 19:54:21,268 [Worker-30: Building] INFO  o.a.m.s.f.DefaultMavenResourcesFiltering - Copying 0 resource from src\main\resources to target\classes
2024-03-09 19:54:21,271 [Worker-30: Building] WARN  o.a.m.s.f.DefaultMavenResourcesFiltering - Using platform encoding (UTF-8 actually) to copy filtered resources, i.e. build is platform dependent!
2024-03-09 19:54:21,272 [Worker-30: Building] INFO  o.a.m.s.f.DefaultMavenResourcesFiltering - Copying 0 resource from src\test\resources to target\test-classes
2024-03-09 19:58:32,419 [Worker-36: Building] WARN  o.a.m.s.f.DefaultMavenResourcesFiltering - Using platform encoding (UTF-8 actually) to copy filtered resources, i.e. build is platform dependent!
2024-03-09 19:58:32,421 [Worker-36: Building] INFO  o.a.m.s.f.DefaultMavenResourcesFiltering - Copying 0 resource from src\main\resources to target\classes
2024-03-09 19:58:32,424 [Worker-36: Building] WARN  o.a.m.s.f.DefaultMavenResourcesFiltering - Using platform encoding (UTF-8 actually) to copy filtered resources, i.e. build is platform dependent!
2024-03-09 19:58:32,426 [Worker-36: Building] INFO  o.a.m.s.f.DefaultMavenResourcesFiltering - Copying 0 resource from src\test\resources to target\test-classes
2024-03-09 19:58:58,723 [Worker-34: Building] WARN  o.a.m.s.f.DefaultMavenResourcesFiltering - Using platform encoding (UTF-8 actually) to copy filtered resources, i.e. build is platform dependent!
2024-03-09 19:58:58,724 [Worker-34: Building] INFO  o.a.m.s.f.DefaultMavenResourcesFiltering - Copying 0 resource from src\main\resources to target\classes
2024-03-09 19:58:58,726 [Worker-34: Building] WARN  o.a.m.s.f.DefaultMavenResourcesFiltering - Using platform encoding (UTF-8 actually) to copy filtered resources, i.e. build is platform dependent!
2024-03-09 19:58:58,728 [Worker-34: Building] INFO  o.a.m.s.f.DefaultMavenResourcesFiltering - Copying 0 resource from src\test\resources to target\test-classes
2024-03-09 20:04:12,998 [Worker-39: Building] WARN  o.a.m.s.f.DefaultMavenResourcesFiltering - Using platform encoding (UTF-8 actually) to copy filtered resources, i.e. build is platform dependent!
2024-03-09 20:04:13,012 [Worker-39: Building] INFO  o.a.m.s.f.DefaultMavenResourcesFiltering - Copying 0 resource from src\main\resources to target\classes
2024-03-09 20:04:13,015 [Worker-39: Building] WARN  o.a.m.s.f.DefaultMavenResourcesFiltering - Using platform encoding (UTF-8 actually) to copy filtered resources, i.e. build is platform dependent!
2024-03-09 20:04:13,016 [Worker-39: Building] INFO  o.a.m.s.f.DefaultMavenResourcesFiltering - Copying 0 resource from src\test\resources to target\test-classes
2024-03-09 20:05:04,202 [Worker-39: Building] WARN  o.a.m.s.f.DefaultMavenResourcesFiltering - Using platform encoding (UTF-8 actually) to copy filtered resources, i.e. build is platform dependent!
2024-03-09 20:05:04,204 [Worker-39: Building] INFO  o.a.m.s.f.DefaultMavenResourcesFiltering - Copying 0 resource from src\main\resources to target\classes
2024-03-09 20:05:04,208 [Worker-39: Building] WARN  o.a.m.s.f.DefaultMavenResourcesFiltering - Using platform encoding (UTF-8 actually) to copy filtered resources, i.e. build is platform dependent!
2024-03-09 20:05:04,209 [Worker-39: Building] INFO  o.a.m.s.f.DefaultMavenResourcesFiltering - Copying 0 resource from src\test\resources to target\test-classes
2024-03-09 20:07:36,938 [Worker-40: Building] WARN  o.a.m.s.f.DefaultMavenResourcesFiltering - Using platform encoding (UTF-8 actually) to copy filtered resources, i.e. build is platform dependent!
2024-03-09 20:07:36,941 [Worker-40: Building] INFO  o.a.m.s.f.DefaultMavenResourcesFiltering - Copying 0 resource from src\main\resources to target\classes
2024-03-09 20:07:36,944 [Worker-40: Building] WARN  o.a.m.s.f.DefaultMavenResourcesFiltering - Using platform encoding (UTF-8 actually) to copy filtered resources, i.e. build is platform dependent!
2024-03-09 20:07:36,945 [Worker-40: Building] INFO  o.a.m.s.f.DefaultMavenResourcesFiltering - Copying 0 resource from src\test\resources to target\test-classes
2024-03-09 20:15:22,922 [Worker-41: Building] WARN  o.a.m.s.f.DefaultMavenResourcesFiltering - Using platform encoding (UTF-8 actually) to copy filtered resources, i.e. build is platform dependent!
2024-03-09 20:15:22,924 [Worker-41: Building] INFO  o.a.m.s.f.DefaultMavenResourcesFiltering - Copying 0 resource from src\main\resources to target\classes
2024-03-09 20:15:22,927 [Worker-41: Building] WARN  o.a.m.s.f.DefaultMavenResourcesFiltering - Using platform encoding (UTF-8 actually) to copy filtered resources, i.e. build is platform dependent!
2024-03-09 20:15:22,928 [Worker-41: Building] INFO  o.a.m.s.f.DefaultMavenResourcesFiltering - Copying 0 resource from src\test\resources to target\test-classes
2024-03-09 20:16:19,611 [Worker-46: Building] WARN  o.a.m.s.f.DefaultMavenResourcesFiltering - Using platform encoding (UTF-8 actually) to copy filtered resources, i.e. build is platform dependent!
2024-03-09 20:16:19,612 [Worker-46: Building] INFO  o.a.m.s.f.DefaultMavenResourcesFiltering - Copying 0 resource from src\main\resources to target\classes
2024-03-09 20:16:19,615 [Worker-46: Building] WARN  o.a.m.s.f.DefaultMavenResourcesFiltering - Using platform encoding (UTF-8 actually) to copy filtered resources, i.e. build is platform dependent!
2024-03-09 20:16:19,616 [Worker-46: Building] INFO  o.a.m.s.f.DefaultMavenResourcesFiltering - Copying 0 resource from src\test\resources to target\test-classes
2024-03-09 20:16:30,389 [Worker-42: Building] WARN  o.a.m.s.f.DefaultMavenResourcesFiltering - Using platform encoding (UTF-8 actually) to copy filtered resources, i.e. build is platform dependent!
2024-03-09 20:16:30,391 [Worker-42: Building] INFO  o.a.m.s.f.DefaultMavenResourcesFiltering - Copying 0 resource from src\main\resources to target\classes
2024-03-09 20:16:30,396 [Worker-42: Building] WARN  o.a.m.s.f.DefaultMavenResourcesFiltering - Using platform encoding (UTF-8 actually) to copy filtered resources, i.e. build is platform dependent!
2024-03-09 20:16:30,398 [Worker-42: Building] INFO  o.a.m.s.f.DefaultMavenResourcesFiltering - Copying 0 resource from src\test\resources to target\test-classes
2024-03-09 20:16:58,580 [Worker-47: Building] WARN  o.a.m.s.f.DefaultMavenResourcesFiltering - Using platform encoding (UTF-8 actually) to copy filtered resources, i.e. build is platform dependent!
2024-03-09 20:16:58,581 [Worker-47: Building] INFO  o.a.m.s.f.DefaultMavenResourcesFiltering - Copying 0 resource from src\main\resources to target\classes
2024-03-09 20:16:58,584 [Worker-47: Building] WARN  o.a.m.s.f.DefaultMavenResourcesFiltering - Using platform encoding (UTF-8 actually) to copy filtered resources, i.e. build is platform dependent!
2024-03-09 20:16:58,585 [Worker-47: Building] INFO  o.a.m.s.f.DefaultMavenResourcesFiltering - Copying 0 resource from src\test\resources to target\test-classes
2024-03-09 20:20:09,123 [Worker-42: Building] WARN  o.a.m.s.f.DefaultMavenResourcesFiltering - Using platform encoding (UTF-8 actually) to copy filtered resources, i.e. build is platform dependent!
2024-03-09 20:20:09,125 [Worker-42: Building] INFO  o.a.m.s.f.DefaultMavenResourcesFiltering - Copying 0 resource from src\main\resources to target\classes
2024-03-09 20:20:09,128 [Worker-42: Building] WARN  o.a.m.s.f.DefaultMavenResourcesFiltering - Using platform encoding (UTF-8 actually) to copy filtered resources, i.e. build is platform dependent!
2024-03-09 20:20:09,129 [Worker-42: Building] INFO  o.a.m.s.f.DefaultMavenResourcesFiltering - Copying 0 resource from src\test\resources to target\test-classes
2024-03-09 20:22:41,919 [Worker-42: Building] WARN  o.a.m.s.f.DefaultMavenResourcesFiltering - Using platform encoding (UTF-8 actually) to copy filtered resources, i.e. build is platform dependent!
2024-03-09 20:22:41,920 [Worker-42: Building] INFO  o.a.m.s.f.DefaultMavenResourcesFiltering - Copying 0 resource from src\main\resources to target\classes
2024-03-09 20:22:41,922 [Worker-42: Building] WARN  o.a.m.s.f.DefaultMavenResourcesFiltering - Using platform encoding (UTF-8 actually) to copy filtered resources, i.e. build is platform dependent!
2024-03-09 20:22:41,923 [Worker-42: Building] INFO  o.a.m.s.f.DefaultMavenResourcesFiltering - Copying 0 resource from src\test\resources to target\test-classes
2024-03-09 20:31:39,912 [Worker-51: Building] WARN  o.a.m.s.f.DefaultMavenResourcesFiltering - Using platform encoding (UTF-8 actually) to copy filtered resources, i.e. build is platform dependent!
2024-03-09 20:31:39,913 [Worker-51: Building] INFO  o.a.m.s.f.DefaultMavenResourcesFiltering - Copying 0 resource from src\main\resources to target\classes
2024-03-09 20:31:39,916 [Worker-51: Building] WARN  o.a.m.s.f.DefaultMavenResourcesFiltering - Using platform encoding (UTF-8 actually) to copy filtered resources, i.e. build is platform dependent!
2024-03-09 20:31:39,918 [Worker-51: Building] INFO  o.a.m.s.f.DefaultMavenResourcesFiltering - Copying 0 resource from src\test\resources to target\test-classes
2024-03-09 20:33:03,293 [Worker-53: Building] WARN  o.a.m.s.f.DefaultMavenResourcesFiltering - Using platform encoding (UTF-8 actually) to copy filtered resources, i.e. build is platform dependent!
2024-03-09 20:33:03,294 [Worker-53: Building] INFO  o.a.m.s.f.DefaultMavenResourcesFiltering - Copying 0 resource from src\main\resources to target\classes
2024-03-09 20:33:03,296 [Worker-53: Building] WARN  o.a.m.s.f.DefaultMavenResourcesFiltering - Using platform encoding (UTF-8 actually) to copy filtered resources, i.e. build is platform dependent!
2024-03-09 20:33:03,297 [Worker-53: Building] INFO  o.a.m.s.f.DefaultMavenResourcesFiltering - Copying 0 resource from src\test\resources to target\test-classes
2024-03-09 22:48:16,667 [Worker-4: Loading available Gradle versions] INFO  o.e.b.c.i.u.g.PublishedGradleVersions - Gradle version information cache is up-to-date. Trying to read.
2024-03-09 22:53:01,038 [Worker-19: Importing Maven projects] INFO  o.e.m.c.i.l.LifecycleMappingFactory - Using org.eclipse.m2e.jdt.JarLifecycleMapping lifecycle mapping for MavenProject: com.springORM:SpringORM:0.0.1-SNAPSHOT @ E:\CODE\spring and springBoot project\SpringORM\pom.xml.
2024-03-09 22:53:02,809 [Worker-19: Importing Maven projects] INFO  o.e.m.j.i.AbstractJavaProjectConfigurator - Adding source folder /SpringORM/src/main/java
2024-03-09 22:53:02,813 [Worker-19: Importing Maven projects] INFO  o.e.m.j.i.AbstractJavaProjectConfigurator - Adding resource folder /SpringORM/src/main/resources
2024-03-09 22:53:02,815 [Worker-19: Importing Maven projects] INFO  o.e.m.j.i.AbstractJavaProjectConfigurator - Adding source folder /SpringORM/src/test/java
2024-03-09 22:53:02,817 [Worker-19: Importing Maven projects] INFO  o.e.m.j.i.AbstractJavaProjectConfigurator - Adding resource folder /SpringORM/src/test/resources
2024-03-09 22:53:03,029 [Worker-19: Importing Maven projects] INFO  o.e.m.c.i.p.ProjectConfigurationManager - Imported and configured 1 project(s) in 5 sec
2024-03-09 22:53:04,065 [Worker-31: Building] INFO  o.a.m.s.f.DefaultMavenResourcesFiltering - skip non existing resourceDirectory E:\CODE\spring and springBoot project\SpringORM\src\main\resources
2024-03-09 22:53:04,072 [Worker-31: Building] INFO  o.a.m.s.f.DefaultMavenResourcesFiltering - skip non existing resourceDirectory E:\CODE\spring and springBoot project\SpringORM\src\test\resources
2024-03-09 22:53:19,088 [Worker-18: Importing Maven projects] INFO  o.e.m.c.i.l.LifecycleMappingFactory - Using org.eclipse.m2e.jdt.JarLifecycleMapping lifecycle mapping for MavenProject: com.springcore:SpringJdbc:0.0.1-SNAPSHOT @ E:\CODE\spring and springBoot project\SpringJdbc\pom.xml.
2024-03-09 22:53:20,420 [Worker-18: Importing Maven projects] INFO  o.e.m.j.i.AbstractJavaProjectConfigurator - Adding source folder /SpringJdbc/src/main/java
2024-03-09 22:53:20,422 [Worker-18: Importing Maven projects] INFO  o.e.m.j.i.AbstractJavaProjectConfigurator - Adding resource folder /SpringJdbc/src/main/resources
2024-03-09 22:53:20,424 [Worker-18: Importing Maven projects] INFO  o.e.m.j.i.AbstractJavaProjectConfigurator - Adding source folder /SpringJdbc/src/test/java
2024-03-09 22:53:20,427 [Worker-18: Importing Maven projects] INFO  o.e.m.j.i.AbstractJavaProjectConfigurator - Adding resource folder /SpringJdbc/src/test/resources
2024-03-09 22:53:20,552 [Worker-18: Importing Maven projects] INFO  o.e.m.c.i.p.ProjectConfigurationManager - Imported and configured 1 project(s) in 1 sec
2024-03-09 22:53:21,327 [Worker-31: Building] INFO  o.a.m.s.f.DefaultMavenResourcesFiltering - skip non existing resourceDirectory E:\CODE\spring and springBoot project\SpringJdbc\src\main\resources
2024-03-09 22:53:21,332 [Worker-31: Building] INFO  o.a.m.s.f.DefaultMavenResourcesFiltering - skip non existing resourceDirectory E:\CODE\spring and springBoot project\SpringJdbc\src\test\resources
2024-03-09 22:53:39,419 [Worker-21: Importing Maven projects] INFO  o.e.m.c.i.l.LifecycleMappingFactory - Using org.eclipse.m2e.jdt.JarLifecycleMapping lifecycle mapping for MavenProject: com.springcore:springCore:0.0.1-SNAPSHOT @ E:\CODE\spring and springBoot project\springCore\pom.xml.
2024-03-09 22:53:39,841 [Worker-21: Importing Maven projects] INFO  o.e.m.j.i.AbstractJavaProjectConfigurator - Adding source folder /springCore/src/main/java
2024-03-09 22:53:39,841 [Worker-21: Importing Maven projects] INFO  o.e.m.j.i.AbstractJavaProjectConfigurator - Adding resource folder /springCore/src/main/resources
2024-03-09 22:53:39,842 [Worker-21: Importing Maven projects] INFO  o.e.m.j.i.AbstractJavaProjectConfigurator - Adding source folder /springCore/src/test/java
2024-03-09 22:53:39,843 [Worker-21: Importing Maven projects] INFO  o.e.m.j.i.AbstractJavaProjectConfigurator - Adding resource folder /springCore/src/test/resources
2024-03-09 22:53:39,924 [Worker-21: Importing Maven projects] INFO  o.e.m.c.i.p.ProjectConfigurationManager - Imported and configured 1 project(s) in 0 sec
2024-03-09 22:53:41,027 [Worker-9: Building] INFO  o.a.m.s.f.DefaultMavenResourcesFiltering - Copying 0 resource from src\main\resources to target\classes
2024-03-09 22:53:41,032 [Worker-9: Building] INFO  o.a.m.s.f.DefaultMavenResourcesFiltering - Copying 0 resource from src\test\resources to target\test-classes
2024-03-09 22:54:19,960 [Worker-7: Importing Maven projects] INFO  o.e.m.c.i.l.LifecycleMappingFactory - Using org.eclipse.m2e.jdt.JarLifecycleMapping lifecycle mapping for MavenProject: com.springcore:springFirst:0.0.1-SNAPSHOT @ E:\CODE\spring and springBoot project\springFirst\pom.xml.
2024-03-09 22:54:20,119 [Worker-7: Importing Maven projects] INFO  o.e.m.j.i.AbstractJavaProjectConfigurator - Adding source folder /springFirst/src/main/java
2024-03-09 22:54:20,120 [Worker-7: Importing Maven projects] INFO  o.e.m.j.i.AbstractJavaProjectConfigurator - Adding resource folder /springFirst/src/main/resources
2024-03-09 22:54:20,121 [Worker-7: Importing Maven projects] INFO  o.e.m.j.i.AbstractJavaProjectConfigurator - Adding source folder /springFirst/src/test/java
2024-03-09 22:54:20,122 [Worker-7: Importing Maven projects] INFO  o.e.m.j.i.AbstractJavaProjectConfigurator - Adding resource folder /springFirst/src/test/resources
2024-03-09 22:54:20,184 [Worker-7: Importing Maven projects] INFO  o.e.m.c.i.p.ProjectConfigurationManager - Imported and configured 1 project(s) in 0 sec
2024-03-09 22:54:20,710 [Worker-30: Building] INFO  o.a.m.s.f.DefaultMavenResourcesFiltering - skip non existing resourceDirectory E:\CODE\spring and springBoot project\springFirst\src\main\resources
2024-03-09 22:54:20,717 [Worker-30: Building] INFO  o.a.m.s.f.DefaultMavenResourcesFiltering - skip non existing resourceDirectory E:\CODE\spring and springBoot project\springFirst\src\test\resources
2024-03-09 22:54:58,603 [Worker-26: Importing Maven projects] INFO  o.e.m.c.i.l.LifecycleMappingFactory - Using org.eclipse.m2e.jdt.JarLifecycleMapping lifecycle mapping for MavenProject: com.Hibernate:Hibernate:0.0.1-SNAPSHOT @ E:\CODE\spring and springBoot project\Hibernate\pom.xml.
2024-03-09 22:54:59,326 [Worker-26: Importing Maven projects] INFO  o.e.m.j.i.AbstractJavaProjectConfigurator - Adding source folder /Hibernate/src/main/java
2024-03-09 22:54:59,327 [Worker-26: Importing Maven projects] INFO  o.e.m.j.i.AbstractJavaProjectConfigurator - Adding resource folder /Hibernate/src/main/resources
2024-03-09 22:54:59,328 [Worker-26: Importing Maven projects] INFO  o.e.m.j.i.AbstractJavaProjectConfigurator - Adding source folder /Hibernate/src/test/java
2024-03-09 22:54:59,329 [Worker-26: Importing Maven projects] INFO  o.e.m.j.i.AbstractJavaProjectConfigurator - Adding resource folder /Hibernate/src/test/resources
2024-03-09 22:54:59,451 [Worker-26: Importing Maven projects] INFO  o.e.m.c.i.p.ProjectConfigurationManager - Imported and configured 1 project(s) in 1 sec
2024-03-09 22:54:59,810 [Worker-7: Building] INFO  o.a.m.s.f.DefaultMavenResourcesFiltering - Copying 0 resource from src\main\resources to target\classes
2024-03-09 22:54:59,814 [Worker-7: Building] INFO  o.a.m.s.f.DefaultMavenResourcesFiltering - Copying 0 resource from src\test\resources to target\test-classes
2024-03-09 22:55:40,113 [Worker-21: Building] WARN  o.a.m.s.f.DefaultMavenResourcesFiltering - Using platform encoding (UTF-8 actually) to copy filtered resources, i.e. build is platform dependent!
2024-03-09 22:55:40,115 [Worker-21: Building] INFO  o.a.m.s.f.DefaultMavenResourcesFiltering - Copying 0 resource from src\main\resources to target\classes
2024-03-09 22:55:40,121 [Worker-21: Building] WARN  o.a.m.s.f.DefaultMavenResourcesFiltering - Using platform encoding (UTF-8 actually) to copy filtered resources, i.e. build is platform dependent!
2024-03-09 22:55:40,122 [Worker-21: Building] INFO  o.a.m.s.f.DefaultMavenResourcesFiltering - Copying 0 resource from src\test\resources to target\test-classes
